<?xml version="1.0" encoding="UTF-8"?>
<robot generator="Robot 6.0.2 (Python 3.11.0 on win32)" generated="20230201 17:32:08.644" rpa="false" schemaversion="3">
<suite id="s1" name="Tests" source="c:\Users\kklepacka\Documents\SquashAD\test_steps\tests">
<suite id="s1-s1" name="Bdd-Squash" source="c:\Users\kklepacka\Documents\SquashAD\test_steps\tests\bdd-squash">
<suite id="s1-s1-s1" name="139 Test CS" source="c:\Users\kklepacka\Documents\SquashAD\test_steps\tests\bdd-squash\139_Test_CS__.robot">
<test id="s1-s1-s1-t1" name="Test_CS_+" line="13">
<kw name="Test Setup" type="SETUP">
<doc>test setup
You can define the Setup variable with a keyword for setting up all your tests.
You can define the ${TEST_139_SETUP} variable with a keyword for setting up this specific test.
If both are defined, ${TEST_139_SETUP} will be run after Setup.</doc>
<kw name="Get Variable Value" library="BuiltIn">
<var>${TEST_SETUP_VALUE}</var>
<arg>${TEST_SETUP}</arg>
<doc>Returns variable value or ``default`` if the variable does not exist.</doc>
<msg timestamp="20230201 17:32:10.209" level="INFO">${TEST_SETUP_VALUE} = Setup</msg>
<status status="PASS" starttime="20230201 17:32:10.208" endtime="20230201 17:32:10.210"/>
</kw>
<kw name="Get Variable Value" library="BuiltIn">
<var>${TEST_139_SETUP_VALUE}</var>
<arg>${TEST_139_SETUP}</arg>
<doc>Returns variable value or ``default`` if the variable does not exist.</doc>
<msg timestamp="20230201 17:32:10.213" level="INFO">${TEST_139_SETUP_VALUE} = None</msg>
<status status="PASS" starttime="20230201 17:32:10.211" endtime="20230201 17:32:10.213"/>
</kw>
<if>
<branch type="IF" condition="$TEST_SETUP_VALUE is not None">
<kw name="Run Keyword" library="BuiltIn">
<arg>${TEST_SETUP}</arg>
<doc>Executes the given keyword with the given arguments.</doc>
<kw name="Setup" library="setup_teardown">
<kw name="New Browser" library="Browser">
<arg>${setupTeardown}[browser]</arg>
<arg>headless=false</arg>
<tag>BrowserControl</tag>
<tag>Setter</tag>
<doc>Create a new playwright Browser with specified options.</doc>
<msg timestamp="20230201 17:32:10.257" level="INFO">{"browser": "firefox", "headless": false, "devtools": false, "handleSIGHUP": true, "handleSIGINT": true, "handleSIGTERM": true, "slowMo": 0.0, "timeout": 30000.0, "deprecated_pos_args": [], "tracesDir": "C:\\Users\\kklepacka\\Documents\\SquashAD\\test_steps\\browser\\traces\\a1fe28ec-85a6-47cc-b2d5-66e92be97037"}</msg>
<msg timestamp="20230201 17:32:11.588" level="INFO">Successfully created browser with options: {"browser":"firefox","headless":false,"devtools":false,"handleSIGHUP":true,"handleSIGINT":true,"handleSIGTERM":true,"slowMo":0,"timeout":30000,"deprecated_pos_args":[],"tracesDir":"C:\\Users\\kklepacka\\Documents\\SquashAD\\test_steps\\browser\\traces\\a1fe28ec-85a6-47cc-b2d5-66e92be97037"}</msg>
<status status="PASS" starttime="20230201 17:32:10.255" endtime="20230201 17:32:11.589"/>
</kw>
<kw name="New Context" library="Browser">
<arg>locale=-FR</arg>
<tag>BrowserControl</tag>
<tag>Setter</tag>
<doc>Create a new BrowserContext with specified options.</doc>
<msg timestamp="20230201 17:32:11.590" level="INFO">{
  "acceptDownloads": true,
  "bypassCSP": false,
  "forcedColors": "none",
  "hideRfBrowser": false,
  "ignoreHTTPSErrors": false,
  "javaScriptEnabled": true,
  "locale": "-FR",
  "offline": false,
  "reducedMotion": "no-preference",
  "viewport": {
    "width": 1280,
    "height": 720
  },
  "deprecated_pos_args": []
}</msg>
<msg timestamp="20230201 17:32:11.673" level="INFO">Successfully created context. </msg>
<msg timestamp="20230201 17:32:11.674" level="INFO">{'acceptDownloads': True, 'bypassCSP': False, 'forcedColors': 'none', 'hideRfBrowser': False, 'ignoreHTTPSErrors': False, 'javaScriptEnabled': True, 'locale': '-FR', 'offline': False, 'reducedMotion': 'no-preference', 'viewport': {'width': 1280, 'height': 720}, 'deprecated_pos_args': []}</msg>
<status status="PASS" starttime="20230201 17:32:11.589" endtime="20230201 17:32:11.674"/>
</kw>
<kw name="New Page" library="Browser">
<arg>url=${setupTeardown}[url]</arg>
<tag>BrowserControl</tag>
<tag>Setter</tag>
<doc>Open a new Page.</doc>
<msg timestamp="20230201 17:32:14.226" level="INFO">Successfully initialized new page object and opened url: https://sut-test-adrian.squashcloud.io/</msg>
<status status="PASS" starttime="20230201 17:32:11.674" endtime="20230201 17:32:14.227"/>
</kw>
<status status="PASS" starttime="20230201 17:32:10.252" endtime="20230201 17:32:14.227"/>
</kw>
<status status="PASS" starttime="20230201 17:32:10.246" endtime="20230201 17:32:14.228"/>
</kw>
<status status="PASS" starttime="20230201 17:32:10.213" endtime="20230201 17:32:14.228"/>
</branch>
<status status="PASS" starttime="20230201 17:32:10.213" endtime="20230201 17:32:14.228"/>
</if>
<if>
<branch type="IF" condition="$TEST_139_SETUP_VALUE is not None">
<kw name="Run Keyword" library="BuiltIn">
<arg>${TEST_139_SETUP}</arg>
<doc>Executes the given keyword with the given arguments.</doc>
<status status="NOT RUN" starttime="20230201 17:32:14.229" endtime="20230201 17:32:14.230"/>
</kw>
<status status="NOT RUN" starttime="20230201 17:32:14.229" endtime="20230201 17:32:14.230"/>
</branch>
<status status="PASS" starttime="20230201 17:32:14.229" endtime="20230201 17:32:14.230"/>
</if>
<status status="PASS" starttime="20230201 17:32:10.207" endtime="20230201 17:32:14.231"/>
</kw>
<kw name="Given je suis sur la page d'accueil" library="step_search">
<kw name="Check home page" library="home">
<kw name="Get Element" library="Browser">
<arg>${homeLocator}[title]</arg>
<tag>Getter</tag>
<tag>PageContent</tag>
<doc>Returns a reference to a Playwright [https://playwright.dev/docs/api/class-locator|Locator].</doc>
<msg timestamp="20230201 17:32:14.466" level="INFO">Locator found successfully.</msg>
<status status="PASS" starttime="20230201 17:32:14.242" endtime="20230201 17:32:14.468"/>
</kw>
<status status="PASS" starttime="20230201 17:32:14.241" endtime="20230201 17:32:14.469"/>
</kw>
<status status="PASS" starttime="20230201 17:32:14.240" endtime="20230201 17:32:14.470"/>
</kw>
<kw name="When je saisis une chaine de caractères : +" library="step_search">
<kw name="Enter search term +" library="home">
<kw name="Fill Text" library="Browser">
<arg>${homeLocator}[search]</arg>
<arg>+</arg>
<tag>PageContent</tag>
<tag>Setter</tag>
<doc>Clears and fills the given ``txt`` into the text field found by ``selector``.</doc>
<msg timestamp="20230201 17:32:14.475" level="INFO">Fills the text '+' in the given field.</msg>
<status status="PASS" starttime="20230201 17:32:14.474" endtime="20230201 17:32:14.721"/>
</kw>
<status status="PASS" starttime="20230201 17:32:14.473" endtime="20230201 17:32:14.722"/>
</kw>
<status status="PASS" starttime="20230201 17:32:14.471" endtime="20230201 17:32:14.722"/>
</kw>
<kw name="And je clique sur Entrer" library="step_search">
<kw name="Validate input" library="home">
<kw name="Keyboard Key" library="Browser">
<arg>press</arg>
<arg>Enter</arg>
<tag>PageContent</tag>
<tag>Setter</tag>
<doc>Press a keyboard key on the virtual keyboard or set a key up or down.</doc>
<status status="PASS" starttime="20230201 17:32:14.724" endtime="20230201 17:32:14.775"/>
</kw>
<status status="PASS" starttime="20230201 17:32:14.724" endtime="20230201 17:32:14.775"/>
</kw>
<status status="PASS" starttime="20230201 17:32:14.723" endtime="20230201 17:32:14.775"/>
</kw>
<kw name="Then des résultats de la recherche s'affichent" library="step_search">
<kw name="Check Search result page" library="search_results">
<kw name="Get Element" library="Browser">
<arg>${elements}[page_header]</arg>
<tag>Getter</tag>
<tag>PageContent</tag>
<doc>Returns a reference to a Playwright [https://playwright.dev/docs/api/class-locator|Locator].</doc>
<msg timestamp="20230201 17:32:15.150" level="INFO">Locator found successfully.</msg>
<status status="PASS" starttime="20230201 17:32:14.779" endtime="20230201 17:32:15.154"/>
</kw>
<status status="PASS" starttime="20230201 17:32:14.778" endtime="20230201 17:32:15.154"/>
</kw>
<status status="PASS" starttime="20230201 17:32:14.777" endtime="20230201 17:32:15.155"/>
</kw>
<kw name="Test Teardown" type="TEARDOWN">
<doc>test teardown
You can define the Teardown variable with a keyword for tearing down all your tests.
You can define the ${TEST_139_TEARDOWN} variable with a keyword for tearing down this specific test.
If both are defined, Teardown will be run after ${TEST_139_TEARDOWN}.</doc>
<kw name="Get Variable Value" library="BuiltIn">
<var>${TEST_139_TEARDOWN_VALUE}</var>
<arg>${TEST_139_TEARDOWN}</arg>
<doc>Returns variable value or ``default`` if the variable does not exist.</doc>
<msg timestamp="20230201 17:32:15.161" level="INFO">${TEST_139_TEARDOWN_VALUE} = None</msg>
<status status="PASS" starttime="20230201 17:32:15.158" endtime="20230201 17:32:15.161"/>
</kw>
<kw name="Get Variable Value" library="BuiltIn">
<var>${TEST_TEARDOWN_VALUE}</var>
<arg>${TEST_TEARDOWN}</arg>
<doc>Returns variable value or ``default`` if the variable does not exist.</doc>
<msg timestamp="20230201 17:32:15.162" level="INFO">${TEST_TEARDOWN_VALUE} = Teardown</msg>
<status status="PASS" starttime="20230201 17:32:15.161" endtime="20230201 17:32:15.162"/>
</kw>
<if>
<branch type="IF" condition="$TEST_139_TEARDOWN_VALUE is not None">
<kw name="Run Keyword" library="BuiltIn">
<arg>${TEST_139_TEARDOWN}</arg>
<doc>Executes the given keyword with the given arguments.</doc>
<status status="NOT RUN" starttime="20230201 17:32:15.163" endtime="20230201 17:32:15.164"/>
</kw>
<status status="NOT RUN" starttime="20230201 17:32:15.163" endtime="20230201 17:32:15.164"/>
</branch>
<status status="PASS" starttime="20230201 17:32:15.163" endtime="20230201 17:32:15.164"/>
</if>
<if>
<branch type="IF" condition="$TEST_TEARDOWN_VALUE is not None">
<kw name="Run Keyword" library="BuiltIn">
<arg>${TEST_TEARDOWN}</arg>
<doc>Executes the given keyword with the given arguments.</doc>
<kw name="Teardown" library="setup_teardown">
<kw name="Close Browser" library="Browser">
<tag>BrowserControl</tag>
<tag>Setter</tag>
<doc>Closes the current browser.</doc>
<msg timestamp="20230201 17:32:16.871" level="INFO">Closed browser</msg>
<status status="PASS" starttime="20230201 17:32:15.176" endtime="20230201 17:32:16.872"/>
</kw>
<status status="PASS" starttime="20230201 17:32:15.175" endtime="20230201 17:32:16.872"/>
</kw>
<status status="PASS" starttime="20230201 17:32:15.165" endtime="20230201 17:32:16.873"/>
</kw>
<status status="PASS" starttime="20230201 17:32:15.165" endtime="20230201 17:32:16.873"/>
</branch>
<status status="PASS" starttime="20230201 17:32:15.165" endtime="20230201 17:32:16.873"/>
</if>
<status status="PASS" starttime="20230201 17:32:15.157" endtime="20230201 17:32:16.873"/>
</kw>
<doc>Test_CS_+</doc>
<status status="PASS" starttime="20230201 17:32:10.197" endtime="20230201 17:32:16.874"/>
</test>
<doc>Test_CS_+</doc>
<meta name="Automation priority">null</meta>
<meta name="ID">139</meta>
<meta name="Reference">027</meta>
<meta name="Test case importance">Low</meta>
<status status="PASS" starttime="20230201 17:32:08.689" endtime="20230201 17:32:16.877"/>
</suite>
<suite id="s1-s1-s2" source="c:\Users\kklepacka\Documents\SquashAD\test_steps\tests\bdd-squash\140_Test_CS___.robot">
<test id="s1-s1-s2-t1" name="Test_CS_''" line="13">
<kw name="Test Setup" type="SETUP">
<doc>test setup
You can define the Setup variable with a keyword for setting up all your tests.
You can define the ${TEST_140_SETUP} variable with a keyword for setting up this specific test.
If both are defined, ${TEST_140_SETUP} will be run after Setup.</doc>
<kw name="Get Variable Value" library="BuiltIn">
<var>${TEST_SETUP_VALUE}</var>
<arg>${TEST_SETUP}</arg>
<doc>Returns variable value or ``default`` if the variable does not exist.</doc>
<msg timestamp="20230201 17:32:16.913" level="INFO">${TEST_SETUP_VALUE} = Setup</msg>
<status status="PASS" starttime="20230201 17:32:16.913" endtime="20230201 17:32:16.914"/>
</kw>
<kw name="Get Variable Value" library="BuiltIn">
<var>${TEST_140_SETUP_VALUE}</var>
<arg>${TEST_140_SETUP}</arg>
<doc>Returns variable value or ``default`` if the variable does not exist.</doc>
<msg timestamp="20230201 17:32:16.918" level="INFO">${TEST_140_SETUP_VALUE} = None</msg>
<status status="PASS" starttime="20230201 17:32:16.915" endtime="20230201 17:32:16.918"/>
</kw>
<if>
<branch type="IF" condition="$TEST_SETUP_VALUE is not None">
<kw name="Run Keyword" library="BuiltIn">
<arg>${TEST_SETUP}</arg>
<doc>Executes the given keyword with the given arguments.</doc>
<kw name="Setup" library="setup_teardown">
<kw name="New Browser" library="Browser">
<arg>${setupTeardown}[browser]</arg>
<arg>headless=false</arg>
<tag>BrowserControl</tag>
<tag>Setter</tag>
<doc>Create a new playwright Browser with specified options.</doc>
<msg timestamp="20230201 17:32:16.924" level="INFO">{"browser": "firefox", "headless": false, "devtools": false, "handleSIGHUP": true, "handleSIGINT": true, "handleSIGTERM": true, "slowMo": 0.0, "timeout": 30000.0, "deprecated_pos_args": [], "tracesDir": "C:\\Users\\kklepacka\\Documents\\SquashAD\\test_steps\\browser\\traces\\cc91d34b-e706-49b4-b768-0c7bfb1e463d"}</msg>
<msg timestamp="20230201 17:32:18.007" level="INFO">Successfully created browser with options: {"browser":"firefox","headless":false,"devtools":false,"handleSIGHUP":true,"handleSIGINT":true,"handleSIGTERM":true,"slowMo":0,"timeout":30000,"deprecated_pos_args":[],"tracesDir":"C:\\Users\\kklepacka\\Documents\\SquashAD\\test_steps\\browser\\traces\\cc91d34b-e706-49b4-b768-0c7bfb1e463d"}</msg>
<status status="PASS" starttime="20230201 17:32:16.923" endtime="20230201 17:32:18.007"/>
</kw>
<kw name="New Context" library="Browser">
<arg>locale=-FR</arg>
<tag>BrowserControl</tag>
<tag>Setter</tag>
<doc>Create a new BrowserContext with specified options.</doc>
<msg timestamp="20230201 17:32:18.009" level="INFO">{
  "acceptDownloads": true,
  "bypassCSP": false,
  "forcedColors": "none",
  "hideRfBrowser": false,
  "ignoreHTTPSErrors": false,
  "javaScriptEnabled": true,
  "locale": "-FR",
  "offline": false,
  "reducedMotion": "no-preference",
  "viewport": {
    "width": 1280,
    "height": 720
  },
  "deprecated_pos_args": []
}</msg>
<msg timestamp="20230201 17:32:18.068" level="INFO">Successfully created context. </msg>
<msg timestamp="20230201 17:32:18.069" level="INFO">{'acceptDownloads': True, 'bypassCSP': False, 'forcedColors': 'none', 'hideRfBrowser': False, 'ignoreHTTPSErrors': False, 'javaScriptEnabled': True, 'locale': '-FR', 'offline': False, 'reducedMotion': 'no-preference', 'viewport': {'width': 1280, 'height': 720}, 'deprecated_pos_args': []}</msg>
<status status="PASS" starttime="20230201 17:32:18.008" endtime="20230201 17:32:18.069"/>
</kw>
<kw name="New Page" library="Browser">
<arg>url=${setupTeardown}[url]</arg>
<tag>BrowserControl</tag>
<tag>Setter</tag>
<doc>Open a new Page.</doc>
<msg timestamp="20230201 17:32:20.087" level="INFO">Successfully initialized new page object and opened url: https://sut-test-adrian.squashcloud.io/</msg>
<status status="PASS" starttime="20230201 17:32:18.069" endtime="20230201 17:32:20.088"/>
</kw>
<status status="PASS" starttime="20230201 17:32:16.923" endtime="20230201 17:32:20.089"/>
</kw>
<status status="PASS" starttime="20230201 17:32:16.918" endtime="20230201 17:32:20.089"/>
</kw>
<status status="PASS" starttime="20230201 17:32:16.918" endtime="20230201 17:32:20.090"/>
</branch>
<status status="PASS" starttime="20230201 17:32:16.918" endtime="20230201 17:32:20.090"/>
</if>
<if>
<branch type="IF" condition="$TEST_140_SETUP_VALUE is not None">
<kw name="Run Keyword" library="BuiltIn">
<arg>${TEST_140_SETUP}</arg>
<doc>Executes the given keyword with the given arguments.</doc>
<status status="NOT RUN" starttime="20230201 17:32:20.091" endtime="20230201 17:32:20.091"/>
</kw>
<status status="NOT RUN" starttime="20230201 17:32:20.090" endtime="20230201 17:32:20.091"/>
</branch>
<status status="PASS" starttime="20230201 17:32:20.090" endtime="20230201 17:32:20.091"/>
</if>
<status status="PASS" starttime="20230201 17:32:16.912" endtime="20230201 17:32:20.092"/>
</kw>
<kw name="Given je suis sur la page d'accueil" library="step_search">
<kw name="Check home page" library="home">
<kw name="Get Element" library="Browser">
<arg>${homeLocator}[title]</arg>
<tag>Getter</tag>
<tag>PageContent</tag>
<doc>Returns a reference to a Playwright [https://playwright.dev/docs/api/class-locator|Locator].</doc>
<msg timestamp="20230201 17:32:20.305" level="INFO">Locator found successfully.</msg>
<status status="PASS" starttime="20230201 17:32:20.094" endtime="20230201 17:32:20.305"/>
</kw>
<status status="PASS" starttime="20230201 17:32:20.094" endtime="20230201 17:32:20.306"/>
</kw>
<status status="PASS" starttime="20230201 17:32:20.093" endtime="20230201 17:32:20.306"/>
</kw>
<kw name="When je saisis une chaine de caractères : 'test'" library="step_search">
<kw name="Enter search term 'test'" library="home">
<kw name="Fill Text" library="Browser">
<arg>${homeLocator}[search]</arg>
<arg>\'test'</arg>
<tag>PageContent</tag>
<tag>Setter</tag>
<doc>Clears and fills the given ``txt`` into the text field found by ``selector``.</doc>
<msg timestamp="20230201 17:32:20.310" level="INFO">Fills the text ''test'' in the given field.</msg>
<status status="PASS" starttime="20230201 17:32:20.309" endtime="20230201 17:32:20.481"/>
</kw>
<status status="PASS" starttime="20230201 17:32:20.309" endtime="20230201 17:32:20.482"/>
</kw>
<status status="PASS" starttime="20230201 17:32:20.308" endtime="20230201 17:32:20.483"/>
</kw>
<kw name="And je clique sur Entrer" library="step_search">
<kw name="Validate input" library="home">
<kw name="Keyboard Key" library="Browser">
<arg>press</arg>
<arg>Enter</arg>
<tag>PageContent</tag>
<tag>Setter</tag>
<doc>Press a keyboard key on the virtual keyboard or set a key up or down.</doc>
<status status="PASS" starttime="20230201 17:32:20.487" endtime="20230201 17:32:20.521"/>
</kw>
<status status="PASS" starttime="20230201 17:32:20.487" endtime="20230201 17:32:20.522"/>
</kw>
<status status="PASS" starttime="20230201 17:32:20.486" endtime="20230201 17:32:20.522"/>
</kw>
<kw name="Then des résultats de la recherche s'affichent" library="step_search">
<kw name="Check Search result page" library="search_results">
<kw name="Get Element" library="Browser">
<arg>${elements}[page_header]</arg>
<tag>Getter</tag>
<tag>PageContent</tag>
<doc>Returns a reference to a Playwright [https://playwright.dev/docs/api/class-locator|Locator].</doc>
<msg timestamp="20230201 17:32:20.889" level="INFO">Locator found successfully.</msg>
<status status="PASS" starttime="20230201 17:32:20.524" endtime="20230201 17:32:20.890"/>
</kw>
<status status="PASS" starttime="20230201 17:32:20.523" endtime="20230201 17:32:20.890"/>
</kw>
<status status="PASS" starttime="20230201 17:32:20.523" endtime="20230201 17:32:20.890"/>
</kw>
<kw name="Test Teardown" type="TEARDOWN">
<doc>test teardown
You can define the Teardown variable with a keyword for tearing down all your tests.
You can define the ${TEST_140_TEARDOWN} variable with a keyword for tearing down this specific test.
If both are defined, Teardown will be run after ${TEST_140_TEARDOWN}.</doc>
<kw name="Get Variable Value" library="BuiltIn">
<var>${TEST_140_TEARDOWN_VALUE}</var>
<arg>${TEST_140_TEARDOWN}</arg>
<doc>Returns variable value or ``default`` if the variable does not exist.</doc>
<msg timestamp="20230201 17:32:20.895" level="INFO">${TEST_140_TEARDOWN_VALUE} = None</msg>
<status status="PASS" starttime="20230201 17:32:20.892" endtime="20230201 17:32:20.895"/>
</kw>
<kw name="Get Variable Value" library="BuiltIn">
<var>${TEST_TEARDOWN_VALUE}</var>
<arg>${TEST_TEARDOWN}</arg>
<doc>Returns variable value or ``default`` if the variable does not exist.</doc>
<msg timestamp="20230201 17:32:20.896" level="INFO">${TEST_TEARDOWN_VALUE} = Teardown</msg>
<status status="PASS" starttime="20230201 17:32:20.895" endtime="20230201 17:32:20.897"/>
</kw>
<if>
<branch type="IF" condition="$TEST_140_TEARDOWN_VALUE is not None">
<kw name="Run Keyword" library="BuiltIn">
<arg>${TEST_140_TEARDOWN}</arg>
<doc>Executes the given keyword with the given arguments.</doc>
<status status="NOT RUN" starttime="20230201 17:32:20.898" endtime="20230201 17:32:20.899"/>
</kw>
<status status="NOT RUN" starttime="20230201 17:32:20.898" endtime="20230201 17:32:20.899"/>
</branch>
<status status="PASS" starttime="20230201 17:32:20.898" endtime="20230201 17:32:20.899"/>
</if>
<if>
<branch type="IF" condition="$TEST_TEARDOWN_VALUE is not None">
<kw name="Run Keyword" library="BuiltIn">
<arg>${TEST_TEARDOWN}</arg>
<doc>Executes the given keyword with the given arguments.</doc>
<kw name="Teardown" library="setup_teardown">
<kw name="Close Browser" library="Browser">
<tag>BrowserControl</tag>
<tag>Setter</tag>
<doc>Closes the current browser.</doc>
<msg timestamp="20230201 17:32:21.890" level="INFO">Closed browser</msg>
<status status="PASS" starttime="20230201 17:32:20.907" endtime="20230201 17:32:21.890"/>
</kw>
<status status="PASS" starttime="20230201 17:32:20.906" endtime="20230201 17:32:21.890"/>
</kw>
<status status="PASS" starttime="20230201 17:32:20.901" endtime="20230201 17:32:21.890"/>
</kw>
<status status="PASS" starttime="20230201 17:32:20.900" endtime="20230201 17:32:21.890"/>
</branch>
<status status="PASS" starttime="20230201 17:32:20.899" endtime="20230201 17:32:21.891"/>
</if>
<status status="PASS" starttime="20230201 17:32:20.892" endtime="20230201 17:32:21.891"/>
</kw>
<doc>Test_CS_''</doc>
<status status="PASS" starttime="20230201 17:32:16.909" endtime="20230201 17:32:21.891"/>
</test>
<doc>Test_CS_''</doc>
<meta name="Automation priority">null</meta>
<meta name="ID">140</meta>
<meta name="Reference">002</meta>
<meta name="Test case importance">Low</meta>
<status status="PASS" starttime="20230201 17:32:16.885" endtime="20230201 17:32:21.898"/>
</suite>
<suite id="s1-s1-s3" name="Echo Test" source="c:\Users\kklepacka\Documents\SquashAD\test_steps\tests\bdd-squash\141_Test_CS___echo_test_.robot">
<test id="s1-s1-s3-t1" name="Test_CS_$(echo test)" line="13">
<kw name="Test Setup" type="SETUP">
<doc>test setup
You can define the Setup variable with a keyword for setting up all your tests.
You can define the ${TEST_141_SETUP} variable with a keyword for setting up this specific test.
If both are defined, ${TEST_141_SETUP} will be run after Setup.</doc>
<kw name="Get Variable Value" library="BuiltIn">
<var>${TEST_SETUP_VALUE}</var>
<arg>${TEST_SETUP}</arg>
<doc>Returns variable value or ``default`` if the variable does not exist.</doc>
<msg timestamp="20230201 17:32:21.927" level="INFO">${TEST_SETUP_VALUE} = Setup</msg>
<status status="PASS" starttime="20230201 17:32:21.926" endtime="20230201 17:32:21.928"/>
</kw>
<kw name="Get Variable Value" library="BuiltIn">
<var>${TEST_141_SETUP_VALUE}</var>
<arg>${TEST_141_SETUP}</arg>
<doc>Returns variable value or ``default`` if the variable does not exist.</doc>
<msg timestamp="20230201 17:32:21.935" level="INFO">${TEST_141_SETUP_VALUE} = None</msg>
<status status="PASS" starttime="20230201 17:32:21.929" endtime="20230201 17:32:21.935"/>
</kw>
<if>
<branch type="IF" condition="$TEST_SETUP_VALUE is not None">
<kw name="Run Keyword" library="BuiltIn">
<arg>${TEST_SETUP}</arg>
<doc>Executes the given keyword with the given arguments.</doc>
<kw name="Setup" library="setup_teardown">
<kw name="New Browser" library="Browser">
<arg>${setupTeardown}[browser]</arg>
<arg>headless=false</arg>
<tag>BrowserControl</tag>
<tag>Setter</tag>
<doc>Create a new playwright Browser with specified options.</doc>
<msg timestamp="20230201 17:32:21.942" level="INFO">{"browser": "firefox", "headless": false, "devtools": false, "handleSIGHUP": true, "handleSIGINT": true, "handleSIGTERM": true, "slowMo": 0.0, "timeout": 30000.0, "deprecated_pos_args": [], "tracesDir": "C:\\Users\\kklepacka\\Documents\\SquashAD\\test_steps\\browser\\traces\\e5d330b0-e638-4cc7-9bda-25ac9f41d34b"}</msg>
<msg timestamp="20230201 17:32:23.041" level="INFO">Successfully created browser with options: {"browser":"firefox","headless":false,"devtools":false,"handleSIGHUP":true,"handleSIGINT":true,"handleSIGTERM":true,"slowMo":0,"timeout":30000,"deprecated_pos_args":[],"tracesDir":"C:\\Users\\kklepacka\\Documents\\SquashAD\\test_steps\\browser\\traces\\e5d330b0-e638-4cc7-9bda-25ac9f41d34b"}</msg>
<status status="PASS" starttime="20230201 17:32:21.941" endtime="20230201 17:32:23.042"/>
</kw>
<kw name="New Context" library="Browser">
<arg>locale=-FR</arg>
<tag>BrowserControl</tag>
<tag>Setter</tag>
<doc>Create a new BrowserContext with specified options.</doc>
<msg timestamp="20230201 17:32:23.044" level="INFO">{
  "acceptDownloads": true,
  "bypassCSP": false,
  "forcedColors": "none",
  "hideRfBrowser": false,
  "ignoreHTTPSErrors": false,
  "javaScriptEnabled": true,
  "locale": "-FR",
  "offline": false,
  "reducedMotion": "no-preference",
  "viewport": {
    "width": 1280,
    "height": 720
  },
  "deprecated_pos_args": []
}</msg>
<msg timestamp="20230201 17:32:23.101" level="INFO">Successfully created context. </msg>
<msg timestamp="20230201 17:32:23.102" level="INFO">{'acceptDownloads': True, 'bypassCSP': False, 'forcedColors': 'none', 'hideRfBrowser': False, 'ignoreHTTPSErrors': False, 'javaScriptEnabled': True, 'locale': '-FR', 'offline': False, 'reducedMotion': 'no-preference', 'viewport': {'width': 1280, 'height': 720}, 'deprecated_pos_args': []}</msg>
<status status="PASS" starttime="20230201 17:32:23.043" endtime="20230201 17:32:23.102"/>
</kw>
<kw name="New Page" library="Browser">
<arg>url=${setupTeardown}[url]</arg>
<tag>BrowserControl</tag>
<tag>Setter</tag>
<doc>Open a new Page.</doc>
<msg timestamp="20230201 17:32:25.158" level="INFO">Successfully initialized new page object and opened url: https://sut-test-adrian.squashcloud.io/</msg>
<status status="PASS" starttime="20230201 17:32:23.102" endtime="20230201 17:32:25.158"/>
</kw>
<status status="PASS" starttime="20230201 17:32:21.940" endtime="20230201 17:32:25.159"/>
</kw>
<status status="PASS" starttime="20230201 17:32:21.936" endtime="20230201 17:32:25.159"/>
</kw>
<status status="PASS" starttime="20230201 17:32:21.935" endtime="20230201 17:32:25.159"/>
</branch>
<status status="PASS" starttime="20230201 17:32:21.935" endtime="20230201 17:32:25.160"/>
</if>
<if>
<branch type="IF" condition="$TEST_141_SETUP_VALUE is not None">
<kw name="Run Keyword" library="BuiltIn">
<arg>${TEST_141_SETUP}</arg>
<doc>Executes the given keyword with the given arguments.</doc>
<status status="NOT RUN" starttime="20230201 17:32:25.160" endtime="20230201 17:32:25.161"/>
</kw>
<status status="NOT RUN" starttime="20230201 17:32:25.160" endtime="20230201 17:32:25.161"/>
</branch>
<status status="PASS" starttime="20230201 17:32:25.160" endtime="20230201 17:32:25.162"/>
</if>
<status status="PASS" starttime="20230201 17:32:21.926" endtime="20230201 17:32:25.163"/>
</kw>
<kw name="Given je suis sur la page d'accueil" library="step_search">
<kw name="Check home page" library="home">
<kw name="Get Element" library="Browser">
<arg>${homeLocator}[title]</arg>
<tag>Getter</tag>
<tag>PageContent</tag>
<doc>Returns a reference to a Playwright [https://playwright.dev/docs/api/class-locator|Locator].</doc>
<msg timestamp="20230201 17:32:25.310" level="INFO">Locator found successfully.</msg>
<status status="PASS" starttime="20230201 17:32:25.166" endtime="20230201 17:32:25.312"/>
</kw>
<status status="PASS" starttime="20230201 17:32:25.166" endtime="20230201 17:32:25.313"/>
</kw>
<status status="PASS" starttime="20230201 17:32:25.165" endtime="20230201 17:32:25.313"/>
</kw>
<kw name="When je saisis une chaine de caractères : $(echo test)" library="step_search">
<kw name="Enter search term $(echo test)" library="home">
<kw name="Fill Text" library="Browser">
<arg>${homeLocator}[search]</arg>
<arg>$(echo test)</arg>
<tag>PageContent</tag>
<tag>Setter</tag>
<doc>Clears and fills the given ``txt`` into the text field found by ``selector``.</doc>
<msg timestamp="20230201 17:32:25.320" level="INFO">Fills the text '$(echo test)' in the given field.</msg>
<status status="PASS" starttime="20230201 17:32:25.320" endtime="20230201 17:32:25.489"/>
</kw>
<status status="PASS" starttime="20230201 17:32:25.319" endtime="20230201 17:32:25.489"/>
</kw>
<status status="PASS" starttime="20230201 17:32:25.319" endtime="20230201 17:32:25.490"/>
</kw>
<kw name="And je clique sur Entrer" library="step_search">
<kw name="Validate input" library="home">
<kw name="Keyboard Key" library="Browser">
<arg>press</arg>
<arg>Enter</arg>
<tag>PageContent</tag>
<tag>Setter</tag>
<doc>Press a keyboard key on the virtual keyboard or set a key up or down.</doc>
<status status="PASS" starttime="20230201 17:32:25.492" endtime="20230201 17:32:25.536"/>
</kw>
<status status="PASS" starttime="20230201 17:32:25.492" endtime="20230201 17:32:25.537"/>
</kw>
<status status="PASS" starttime="20230201 17:32:25.491" endtime="20230201 17:32:25.538"/>
</kw>
<kw name="Then des résultats de la recherche s'affichent" library="step_search">
<kw name="Check Search result page" library="search_results">
<kw name="Get Element" library="Browser">
<arg>${elements}[page_header]</arg>
<tag>Getter</tag>
<tag>PageContent</tag>
<doc>Returns a reference to a Playwright [https://playwright.dev/docs/api/class-locator|Locator].</doc>
<msg timestamp="20230201 17:32:25.884" level="INFO">Locator found successfully.</msg>
<status status="PASS" starttime="20230201 17:32:25.540" endtime="20230201 17:32:25.885"/>
</kw>
<status status="PASS" starttime="20230201 17:32:25.539" endtime="20230201 17:32:25.886"/>
</kw>
<status status="PASS" starttime="20230201 17:32:25.538" endtime="20230201 17:32:25.886"/>
</kw>
<kw name="Test Teardown" type="TEARDOWN">
<doc>test teardown
You can define the Teardown variable with a keyword for tearing down all your tests.
You can define the ${TEST_141_TEARDOWN} variable with a keyword for tearing down this specific test.
If both are defined, Teardown will be run after ${TEST_141_TEARDOWN}.</doc>
<kw name="Get Variable Value" library="BuiltIn">
<var>${TEST_141_TEARDOWN_VALUE}</var>
<arg>${TEST_141_TEARDOWN}</arg>
<doc>Returns variable value or ``default`` if the variable does not exist.</doc>
<msg timestamp="20230201 17:32:25.891" level="INFO">${TEST_141_TEARDOWN_VALUE} = None</msg>
<status status="PASS" starttime="20230201 17:32:25.889" endtime="20230201 17:32:25.892"/>
</kw>
<kw name="Get Variable Value" library="BuiltIn">
<var>${TEST_TEARDOWN_VALUE}</var>
<arg>${TEST_TEARDOWN}</arg>
<doc>Returns variable value or ``default`` if the variable does not exist.</doc>
<msg timestamp="20230201 17:32:25.893" level="INFO">${TEST_TEARDOWN_VALUE} = Teardown</msg>
<status status="PASS" starttime="20230201 17:32:25.892" endtime="20230201 17:32:25.893"/>
</kw>
<if>
<branch type="IF" condition="$TEST_141_TEARDOWN_VALUE is not None">
<kw name="Run Keyword" library="BuiltIn">
<arg>${TEST_141_TEARDOWN}</arg>
<doc>Executes the given keyword with the given arguments.</doc>
<status status="NOT RUN" starttime="20230201 17:32:25.894" endtime="20230201 17:32:25.894"/>
</kw>
<status status="NOT RUN" starttime="20230201 17:32:25.893" endtime="20230201 17:32:25.895"/>
</branch>
<status status="PASS" starttime="20230201 17:32:25.893" endtime="20230201 17:32:25.895"/>
</if>
<if>
<branch type="IF" condition="$TEST_TEARDOWN_VALUE is not None">
<kw name="Run Keyword" library="BuiltIn">
<arg>${TEST_TEARDOWN}</arg>
<doc>Executes the given keyword with the given arguments.</doc>
<kw name="Teardown" library="setup_teardown">
<kw name="Close Browser" library="Browser">
<tag>BrowserControl</tag>
<tag>Setter</tag>
<doc>Closes the current browser.</doc>
<msg timestamp="20230201 17:32:26.815" level="INFO">Closed browser</msg>
<status status="PASS" starttime="20230201 17:32:25.902" endtime="20230201 17:32:26.816"/>
</kw>
<status status="PASS" starttime="20230201 17:32:25.902" endtime="20230201 17:32:26.816"/>
</kw>
<status status="PASS" starttime="20230201 17:32:25.897" endtime="20230201 17:32:26.816"/>
</kw>
<status status="PASS" starttime="20230201 17:32:25.896" endtime="20230201 17:32:26.816"/>
</branch>
<status status="PASS" starttime="20230201 17:32:25.895" endtime="20230201 17:32:26.816"/>
</if>
<status status="PASS" starttime="20230201 17:32:25.888" endtime="20230201 17:32:26.817"/>
</kw>
<doc>Test_CS_$(echo test)</doc>
<status status="PASS" starttime="20230201 17:32:21.922" endtime="20230201 17:32:26.817"/>
</test>
<doc>Test_CS_$(echo test)</doc>
<meta name="Automation priority">null</meta>
<meta name="ID">141</meta>
<meta name="Reference">013</meta>
<meta name="Test case importance">Low</meta>
<status status="PASS" starttime="20230201 17:32:21.902" endtime="20230201 17:32:26.822"/>
</suite>
<suite id="s1-s1-s4" name="142 Test CS" source="c:\Users\kklepacka\Documents\SquashAD\test_steps\tests\bdd-squash\142_Test_CS__.robot">
<test id="s1-s1-s4-t1" name="Test_CS_*" line="13">
<kw name="Test Setup" type="SETUP">
<doc>test setup
You can define the Setup variable with a keyword for setting up all your tests.
You can define the ${TEST_142_SETUP} variable with a keyword for setting up this specific test.
If both are defined, ${TEST_142_SETUP} will be run after Setup.</doc>
<kw name="Get Variable Value" library="BuiltIn">
<var>${TEST_SETUP_VALUE}</var>
<arg>${TEST_SETUP}</arg>
<doc>Returns variable value or ``default`` if the variable does not exist.</doc>
<msg timestamp="20230201 17:32:26.852" level="INFO">${TEST_SETUP_VALUE} = Setup</msg>
<status status="PASS" starttime="20230201 17:32:26.852" endtime="20230201 17:32:26.853"/>
</kw>
<kw name="Get Variable Value" library="BuiltIn">
<var>${TEST_142_SETUP_VALUE}</var>
<arg>${TEST_142_SETUP}</arg>
<doc>Returns variable value or ``default`` if the variable does not exist.</doc>
<msg timestamp="20230201 17:32:26.855" level="INFO">${TEST_142_SETUP_VALUE} = None</msg>
<status status="PASS" starttime="20230201 17:32:26.854" endtime="20230201 17:32:26.855"/>
</kw>
<if>
<branch type="IF" condition="$TEST_SETUP_VALUE is not None">
<kw name="Run Keyword" library="BuiltIn">
<arg>${TEST_SETUP}</arg>
<doc>Executes the given keyword with the given arguments.</doc>
<kw name="Setup" library="setup_teardown">
<kw name="New Browser" library="Browser">
<arg>${setupTeardown}[browser]</arg>
<arg>headless=false</arg>
<tag>BrowserControl</tag>
<tag>Setter</tag>
<doc>Create a new playwright Browser with specified options.</doc>
<msg timestamp="20230201 17:32:26.862" level="INFO">{"browser": "firefox", "headless": false, "devtools": false, "handleSIGHUP": true, "handleSIGINT": true, "handleSIGTERM": true, "slowMo": 0.0, "timeout": 30000.0, "deprecated_pos_args": [], "tracesDir": "C:\\Users\\kklepacka\\Documents\\SquashAD\\test_steps\\browser\\traces\\5b1793fd-4474-4d8d-bbea-b4e94893d673"}</msg>
<msg timestamp="20230201 17:32:27.931" level="INFO">Successfully created browser with options: {"browser":"firefox","headless":false,"devtools":false,"handleSIGHUP":true,"handleSIGINT":true,"handleSIGTERM":true,"slowMo":0,"timeout":30000,"deprecated_pos_args":[],"tracesDir":"C:\\Users\\kklepacka\\Documents\\SquashAD\\test_steps\\browser\\traces\\5b1793fd-4474-4d8d-bbea-b4e94893d673"}</msg>
<status status="PASS" starttime="20230201 17:32:26.861" endtime="20230201 17:32:27.931"/>
</kw>
<kw name="New Context" library="Browser">
<arg>locale=-FR</arg>
<tag>BrowserControl</tag>
<tag>Setter</tag>
<doc>Create a new BrowserContext with specified options.</doc>
<msg timestamp="20230201 17:32:27.933" level="INFO">{
  "acceptDownloads": true,
  "bypassCSP": false,
  "forcedColors": "none",
  "hideRfBrowser": false,
  "ignoreHTTPSErrors": false,
  "javaScriptEnabled": true,
  "locale": "-FR",
  "offline": false,
  "reducedMotion": "no-preference",
  "viewport": {
    "width": 1280,
    "height": 720
  },
  "deprecated_pos_args": []
}</msg>
<msg timestamp="20230201 17:32:28.020" level="INFO">Successfully created context. </msg>
<msg timestamp="20230201 17:32:28.020" level="INFO">{'acceptDownloads': True, 'bypassCSP': False, 'forcedColors': 'none', 'hideRfBrowser': False, 'ignoreHTTPSErrors': False, 'javaScriptEnabled': True, 'locale': '-FR', 'offline': False, 'reducedMotion': 'no-preference', 'viewport': {'width': 1280, 'height': 720}, 'deprecated_pos_args': []}</msg>
<status status="PASS" starttime="20230201 17:32:27.932" endtime="20230201 17:32:28.022"/>
</kw>
<kw name="New Page" library="Browser">
<arg>url=${setupTeardown}[url]</arg>
<tag>BrowserControl</tag>
<tag>Setter</tag>
<doc>Open a new Page.</doc>
<msg timestamp="20230201 17:32:30.168" level="INFO">Successfully initialized new page object and opened url: https://sut-test-adrian.squashcloud.io/</msg>
<status status="PASS" starttime="20230201 17:32:28.022" endtime="20230201 17:32:30.169"/>
</kw>
<status status="PASS" starttime="20230201 17:32:26.860" endtime="20230201 17:32:30.170"/>
</kw>
<status status="PASS" starttime="20230201 17:32:26.857" endtime="20230201 17:32:30.170"/>
</kw>
<status status="PASS" starttime="20230201 17:32:26.856" endtime="20230201 17:32:30.170"/>
</branch>
<status status="PASS" starttime="20230201 17:32:26.855" endtime="20230201 17:32:30.170"/>
</if>
<if>
<branch type="IF" condition="$TEST_142_SETUP_VALUE is not None">
<kw name="Run Keyword" library="BuiltIn">
<arg>${TEST_142_SETUP}</arg>
<doc>Executes the given keyword with the given arguments.</doc>
<status status="NOT RUN" starttime="20230201 17:32:30.171" endtime="20230201 17:32:30.171"/>
</kw>
<status status="NOT RUN" starttime="20230201 17:32:30.170" endtime="20230201 17:32:30.171"/>
</branch>
<status status="PASS" starttime="20230201 17:32:30.170" endtime="20230201 17:32:30.171"/>
</if>
<status status="PASS" starttime="20230201 17:32:26.852" endtime="20230201 17:32:30.172"/>
</kw>
<kw name="Given je suis sur la page d'accueil" library="step_search">
<kw name="Check home page" library="home">
<kw name="Get Element" library="Browser">
<arg>${homeLocator}[title]</arg>
<tag>Getter</tag>
<tag>PageContent</tag>
<doc>Returns a reference to a Playwright [https://playwright.dev/docs/api/class-locator|Locator].</doc>
<msg timestamp="20230201 17:32:30.335" level="INFO">Locator found successfully.</msg>
<status status="PASS" starttime="20230201 17:32:30.175" endtime="20230201 17:32:30.336"/>
</kw>
<status status="PASS" starttime="20230201 17:32:30.174" endtime="20230201 17:32:30.336"/>
</kw>
<status status="PASS" starttime="20230201 17:32:30.173" endtime="20230201 17:32:30.337"/>
</kw>
<kw name="When je saisis une chaine de caractères : *">
<msg timestamp="20230201 17:32:30.345" level="FAIL">No keyword with name 'When je saisis une chaine de caractères : *' found. Did you mean:
    step_search.Je Saisis Une Chaine De Caractères : \*
    step_search.Je Saisis Une Chaine De Caractères :
    step_search.Je Saisis Une Chaine De Caractères : 𨱏
    step_search.Je Saisis Une Chaine De Caractères : €
    step_search.Je Saisis Une Chaine De Caractères : Û
    step_search.Je Saisis Une Chaine De Caractères : Ç
    step_search.Je Saisis Une Chaine De Caractères : ~
    step_search.Je Saisis Une Chaine De Caractères : ^
    step_search.Je Saisis Une Chaine De Caractères : \
    step_search.Je Saisis Une Chaine De Caractères : @</msg>
<status status="FAIL" starttime="20230201 17:32:30.344" endtime="20230201 17:32:30.347"/>
</kw>
<kw name="And je clique sur Entrer" library="step_search">
<status status="NOT RUN" starttime="20230201 17:32:30.350" endtime="20230201 17:32:30.351"/>
</kw>
<kw name="Then des résultats de la recherche s'affichent" library="step_search">
<status status="NOT RUN" starttime="20230201 17:32:30.352" endtime="20230201 17:32:30.352"/>
</kw>
<kw name="Test Teardown" type="TEARDOWN">
<doc>test teardown
You can define the Teardown variable with a keyword for tearing down all your tests.
You can define the ${TEST_142_TEARDOWN} variable with a keyword for tearing down this specific test.
If both are defined, Teardown will be run after ${TEST_142_TEARDOWN}.</doc>
<kw name="Get Variable Value" library="BuiltIn">
<var>${TEST_142_TEARDOWN_VALUE}</var>
<arg>${TEST_142_TEARDOWN}</arg>
<doc>Returns variable value or ``default`` if the variable does not exist.</doc>
<msg timestamp="20230201 17:32:30.356" level="INFO">${TEST_142_TEARDOWN_VALUE} = None</msg>
<status status="PASS" starttime="20230201 17:32:30.354" endtime="20230201 17:32:30.357"/>
</kw>
<kw name="Get Variable Value" library="BuiltIn">
<var>${TEST_TEARDOWN_VALUE}</var>
<arg>${TEST_TEARDOWN}</arg>
<doc>Returns variable value or ``default`` if the variable does not exist.</doc>
<msg timestamp="20230201 17:32:30.358" level="INFO">${TEST_TEARDOWN_VALUE} = Teardown</msg>
<status status="PASS" starttime="20230201 17:32:30.357" endtime="20230201 17:32:30.358"/>
</kw>
<if>
<branch type="IF" condition="$TEST_142_TEARDOWN_VALUE is not None">
<kw name="Run Keyword" library="BuiltIn">
<arg>${TEST_142_TEARDOWN}</arg>
<doc>Executes the given keyword with the given arguments.</doc>
<status status="NOT RUN" starttime="20230201 17:32:30.359" endtime="20230201 17:32:30.359"/>
</kw>
<status status="NOT RUN" starttime="20230201 17:32:30.358" endtime="20230201 17:32:30.359"/>
</branch>
<status status="PASS" starttime="20230201 17:32:30.358" endtime="20230201 17:32:30.359"/>
</if>
<if>
<branch type="IF" condition="$TEST_TEARDOWN_VALUE is not None">
<kw name="Run Keyword" library="BuiltIn">
<arg>${TEST_TEARDOWN}</arg>
<doc>Executes the given keyword with the given arguments.</doc>
<kw name="Teardown" library="setup_teardown">
<kw name="Close Browser" library="Browser">
<tag>BrowserControl</tag>
<tag>Setter</tag>
<doc>Closes the current browser.</doc>
<msg timestamp="20230201 17:32:31.402" level="INFO">Closed browser</msg>
<status status="PASS" starttime="20230201 17:32:30.369" endtime="20230201 17:32:31.403"/>
</kw>
<status status="PASS" starttime="20230201 17:32:30.368" endtime="20230201 17:32:31.403"/>
</kw>
<status status="PASS" starttime="20230201 17:32:30.362" endtime="20230201 17:32:31.404"/>
</kw>
<status status="PASS" starttime="20230201 17:32:30.360" endtime="20230201 17:32:31.404"/>
</branch>
<status status="PASS" starttime="20230201 17:32:30.360" endtime="20230201 17:32:31.404"/>
</if>
<status status="PASS" starttime="20230201 17:32:30.353" endtime="20230201 17:32:31.404"/>
</kw>
<doc>Test_CS_*</doc>
<status status="FAIL" starttime="20230201 17:32:26.849" endtime="20230201 17:32:31.405">No keyword with name 'When je saisis une chaine de caractères : *' found. Did you mean:
    step_search.Je Saisis Une Chaine De Caractères : \*
    step_search.Je Saisis Une Chaine De Caractères :
    step_search.Je Saisis Une Chaine De Caractères : 𨱏
    step_search.Je Saisis Une Chaine De Caractères : €
    step_search.Je Saisis Une Chaine De Caractères : Û
    step_search.Je Saisis Une Chaine De Caractères : Ç
    step_search.Je Saisis Une Chaine De Caractères : ~
    step_search.Je Saisis Une Chaine De Caractères : ^
    step_search.Je Saisis Une Chaine De Caractères : \
    step_search.Je Saisis Une Chaine De Caractères : @</status>
</test>
<doc>Test_CS_*</doc>
<meta name="Automation priority">null</meta>
<meta name="ID">142</meta>
<meta name="Reference">024</meta>
<meta name="Test case importance">Low</meta>
<status status="FAIL" starttime="20230201 17:32:26.825" endtime="20230201 17:32:31.412"/>
</suite>
<suite id="s1-s1-s5" source="c:\Users\kklepacka\Documents\SquashAD\test_steps\tests\bdd-squash\148_Test_CS___.robot">
<test id="s1-s1-s5-t1" name="Test_CS_&quot;&quot;" line="13">
<kw name="Test Setup" type="SETUP">
<doc>test setup
You can define the Setup variable with a keyword for setting up all your tests.
You can define the ${TEST_148_SETUP} variable with a keyword for setting up this specific test.
If both are defined, ${TEST_148_SETUP} will be run after Setup.</doc>
<kw name="Get Variable Value" library="BuiltIn">
<var>${TEST_SETUP_VALUE}</var>
<arg>${TEST_SETUP}</arg>
<doc>Returns variable value or ``default`` if the variable does not exist.</doc>
<msg timestamp="20230201 17:32:31.446" level="INFO">${TEST_SETUP_VALUE} = Setup</msg>
<status status="PASS" starttime="20230201 17:32:31.445" endtime="20230201 17:32:31.447"/>
</kw>
<kw name="Get Variable Value" library="BuiltIn">
<var>${TEST_148_SETUP_VALUE}</var>
<arg>${TEST_148_SETUP}</arg>
<doc>Returns variable value or ``default`` if the variable does not exist.</doc>
<msg timestamp="20230201 17:32:31.450" level="INFO">${TEST_148_SETUP_VALUE} = None</msg>
<status status="PASS" starttime="20230201 17:32:31.447" endtime="20230201 17:32:31.450"/>
</kw>
<if>
<branch type="IF" condition="$TEST_SETUP_VALUE is not None">
<kw name="Run Keyword" library="BuiltIn">
<arg>${TEST_SETUP}</arg>
<doc>Executes the given keyword with the given arguments.</doc>
<kw name="Setup" library="setup_teardown">
<kw name="New Browser" library="Browser">
<arg>${setupTeardown}[browser]</arg>
<arg>headless=false</arg>
<tag>BrowserControl</tag>
<tag>Setter</tag>
<doc>Create a new playwright Browser with specified options.</doc>
<msg timestamp="20230201 17:32:31.458" level="INFO">{"browser": "firefox", "headless": false, "devtools": false, "handleSIGHUP": true, "handleSIGINT": true, "handleSIGTERM": true, "slowMo": 0.0, "timeout": 30000.0, "deprecated_pos_args": [], "tracesDir": "C:\\Users\\kklepacka\\Documents\\SquashAD\\test_steps\\browser\\traces\\c84ca507-a4b1-411f-bd05-eddd72d2fb21"}</msg>
<msg timestamp="20230201 17:32:32.933" level="INFO">Successfully created browser with options: {"browser":"firefox","headless":false,"devtools":false,"handleSIGHUP":true,"handleSIGINT":true,"handleSIGTERM":true,"slowMo":0,"timeout":30000,"deprecated_pos_args":[],"tracesDir":"C:\\Users\\kklepacka\\Documents\\SquashAD\\test_steps\\browser\\traces\\c84ca507-a4b1-411f-bd05-eddd72d2fb21"}</msg>
<status status="PASS" starttime="20230201 17:32:31.457" endtime="20230201 17:32:32.933"/>
</kw>
<kw name="New Context" library="Browser">
<arg>locale=-FR</arg>
<tag>BrowserControl</tag>
<tag>Setter</tag>
<doc>Create a new BrowserContext with specified options.</doc>
<msg timestamp="20230201 17:32:32.936" level="INFO">{
  "acceptDownloads": true,
  "bypassCSP": false,
  "forcedColors": "none",
  "hideRfBrowser": false,
  "ignoreHTTPSErrors": false,
  "javaScriptEnabled": true,
  "locale": "-FR",
  "offline": false,
  "reducedMotion": "no-preference",
  "viewport": {
    "width": 1280,
    "height": 720
  },
  "deprecated_pos_args": []
}</msg>
<msg timestamp="20230201 17:32:33.981" level="INFO">Successfully created context. </msg>
<msg timestamp="20230201 17:32:33.981" level="INFO">{'acceptDownloads': True, 'bypassCSP': False, 'forcedColors': 'none', 'hideRfBrowser': False, 'ignoreHTTPSErrors': False, 'javaScriptEnabled': True, 'locale': '-FR', 'offline': False, 'reducedMotion': 'no-preference', 'viewport': {'width': 1280, 'height': 720}, 'deprecated_pos_args': []}</msg>
<status status="PASS" starttime="20230201 17:32:32.933" endtime="20230201 17:32:33.982"/>
</kw>
<kw name="New Page" library="Browser">
<arg>url=${setupTeardown}[url]</arg>
<tag>BrowserControl</tag>
<tag>Setter</tag>
<doc>Open a new Page.</doc>
<msg timestamp="20230201 17:32:36.067" level="INFO">Successfully initialized new page object and opened url: https://sut-test-adrian.squashcloud.io/</msg>
<status status="PASS" starttime="20230201 17:32:33.982" endtime="20230201 17:32:36.068"/>
</kw>
<status status="PASS" starttime="20230201 17:32:31.456" endtime="20230201 17:32:36.069"/>
</kw>
<status status="PASS" starttime="20230201 17:32:31.451" endtime="20230201 17:32:36.069"/>
</kw>
<status status="PASS" starttime="20230201 17:32:31.451" endtime="20230201 17:32:36.069"/>
</branch>
<status status="PASS" starttime="20230201 17:32:31.451" endtime="20230201 17:32:36.070"/>
</if>
<if>
<branch type="IF" condition="$TEST_148_SETUP_VALUE is not None">
<kw name="Run Keyword" library="BuiltIn">
<arg>${TEST_148_SETUP}</arg>
<doc>Executes the given keyword with the given arguments.</doc>
<status status="NOT RUN" starttime="20230201 17:32:36.070" endtime="20230201 17:32:36.070"/>
</kw>
<status status="NOT RUN" starttime="20230201 17:32:36.070" endtime="20230201 17:32:36.070"/>
</branch>
<status status="PASS" starttime="20230201 17:32:36.070" endtime="20230201 17:32:36.070"/>
</if>
<status status="PASS" starttime="20230201 17:32:31.445" endtime="20230201 17:32:36.072"/>
</kw>
<kw name="Given je suis sur la page d'accueil" library="step_search">
<kw name="Check home page" library="home">
<kw name="Get Element" library="Browser">
<arg>${homeLocator}[title]</arg>
<tag>Getter</tag>
<tag>PageContent</tag>
<doc>Returns a reference to a Playwright [https://playwright.dev/docs/api/class-locator|Locator].</doc>
<msg timestamp="20230201 17:32:36.187" level="INFO">Locator found successfully.</msg>
<status status="PASS" starttime="20230201 17:32:36.077" endtime="20230201 17:32:36.187"/>
</kw>
<status status="PASS" starttime="20230201 17:32:36.076" endtime="20230201 17:32:36.188"/>
</kw>
<status status="PASS" starttime="20230201 17:32:36.074" endtime="20230201 17:32:36.188"/>
</kw>
<kw name="When je saisi une chaine de caractères : &quot;test&quot;">
<msg timestamp="20230201 17:32:36.199" level="FAIL">No keyword with name 'When je saisi une chaine de caractères : "test"' found. Did you mean:
    step_search.Je Saisis Une Chaine De Caractères : "test"
    step_search.Je Saisis Une Chaine De Caractères : /test
    step_search.Je Saisis Une Chaine De Caractères : \#test
    step_search.Je Saisis Une Chaine De Caractères : [test]
    step_search.Je Saisis Une Chaine De Caractères : ./test
    step_search.Je Saisis Une Chaine De Caractères : 'test'
    step_search.Je Saisis Une Chaine De Caractères : %test%</msg>
<status status="FAIL" starttime="20230201 17:32:36.199" endtime="20230201 17:32:36.201"/>
</kw>
<kw name="And je clique sur Entrer" library="step_search">
<status status="NOT RUN" starttime="20230201 17:32:36.203" endtime="20230201 17:32:36.203"/>
</kw>
<kw name="Then des résultats de la recherche s'affichent" library="step_search">
<status status="NOT RUN" starttime="20230201 17:32:36.204" endtime="20230201 17:32:36.204"/>
</kw>
<kw name="Test Teardown" type="TEARDOWN">
<doc>test teardown
You can define the Teardown variable with a keyword for tearing down all your tests.
You can define the ${TEST_148_TEARDOWN} variable with a keyword for tearing down this specific test.
If both are defined, Teardown will be run after ${TEST_148_TEARDOWN}.</doc>
<kw name="Get Variable Value" library="BuiltIn">
<var>${TEST_148_TEARDOWN_VALUE}</var>
<arg>${TEST_148_TEARDOWN}</arg>
<doc>Returns variable value or ``default`` if the variable does not exist.</doc>
<msg timestamp="20230201 17:32:36.214" level="INFO">${TEST_148_TEARDOWN_VALUE} = None</msg>
<status status="PASS" starttime="20230201 17:32:36.210" endtime="20230201 17:32:36.214"/>
</kw>
<kw name="Get Variable Value" library="BuiltIn">
<var>${TEST_TEARDOWN_VALUE}</var>
<arg>${TEST_TEARDOWN}</arg>
<doc>Returns variable value or ``default`` if the variable does not exist.</doc>
<msg timestamp="20230201 17:32:36.215" level="INFO">${TEST_TEARDOWN_VALUE} = Teardown</msg>
<status status="PASS" starttime="20230201 17:32:36.214" endtime="20230201 17:32:36.215"/>
</kw>
<if>
<branch type="IF" condition="$TEST_148_TEARDOWN_VALUE is not None">
<kw name="Run Keyword" library="BuiltIn">
<arg>${TEST_148_TEARDOWN}</arg>
<doc>Executes the given keyword with the given arguments.</doc>
<status status="NOT RUN" starttime="20230201 17:32:36.216" endtime="20230201 17:32:36.217"/>
</kw>
<status status="NOT RUN" starttime="20230201 17:32:36.215" endtime="20230201 17:32:36.217"/>
</branch>
<status status="PASS" starttime="20230201 17:32:36.215" endtime="20230201 17:32:36.218"/>
</if>
<if>
<branch type="IF" condition="$TEST_TEARDOWN_VALUE is not None">
<kw name="Run Keyword" library="BuiltIn">
<arg>${TEST_TEARDOWN}</arg>
<doc>Executes the given keyword with the given arguments.</doc>
<kw name="Teardown" library="setup_teardown">
<kw name="Close Browser" library="Browser">
<tag>BrowserControl</tag>
<tag>Setter</tag>
<doc>Closes the current browser.</doc>
<msg timestamp="20230201 17:32:37.370" level="INFO">Closed browser</msg>
<status status="PASS" starttime="20230201 17:32:36.227" endtime="20230201 17:32:37.370"/>
</kw>
<status status="PASS" starttime="20230201 17:32:36.226" endtime="20230201 17:32:37.371"/>
</kw>
<status status="PASS" starttime="20230201 17:32:36.219" endtime="20230201 17:32:37.371"/>
</kw>
<status status="PASS" starttime="20230201 17:32:36.218" endtime="20230201 17:32:37.371"/>
</branch>
<status status="PASS" starttime="20230201 17:32:36.218" endtime="20230201 17:32:37.371"/>
</if>
<status status="PASS" starttime="20230201 17:32:36.209" endtime="20230201 17:32:37.371"/>
</kw>
<doc>Test_CS_""</doc>
<status status="FAIL" starttime="20230201 17:32:31.440" endtime="20230201 17:32:37.372">No keyword with name 'When je saisi une chaine de caractères : "test"' found. Did you mean:
    step_search.Je Saisis Une Chaine De Caractères : "test"
    step_search.Je Saisis Une Chaine De Caractères : /test
    step_search.Je Saisis Une Chaine De Caractères : \#test
    step_search.Je Saisis Une Chaine De Caractères : [test]
    step_search.Je Saisis Une Chaine De Caractères : ./test
    step_search.Je Saisis Une Chaine De Caractères : 'test'
    step_search.Je Saisis Une Chaine De Caractères : %test%</status>
</test>
<doc>Test_CS_""</doc>
<meta name="Automation priority">null</meta>
<meta name="ID">148</meta>
<meta name="Reference">001</meta>
<meta name="Test case importance">Low</meta>
<status status="FAIL" starttime="20230201 17:32:31.419" endtime="20230201 17:32:37.378"/>
</suite>
<suite id="s1-s1-s6" source="c:\Users\kklepacka\Documents\SquashAD\test_steps\tests\bdd-squash\149_Test_CS___.robot">
<test id="s1-s1-s6-t1" name="Test_CS_``" line="13">
<kw name="Test Setup" type="SETUP">
<doc>test setup
You can define the Setup variable with a keyword for setting up all your tests.
You can define the ${TEST_149_SETUP} variable with a keyword for setting up this specific test.
If both are defined, ${TEST_149_SETUP} will be run after Setup.</doc>
<kw name="Get Variable Value" library="BuiltIn">
<var>${TEST_SETUP_VALUE}</var>
<arg>${TEST_SETUP}</arg>
<doc>Returns variable value or ``default`` if the variable does not exist.</doc>
<msg timestamp="20230201 17:32:37.413" level="INFO">${TEST_SETUP_VALUE} = Setup</msg>
<status status="PASS" starttime="20230201 17:32:37.413" endtime="20230201 17:32:37.414"/>
</kw>
<kw name="Get Variable Value" library="BuiltIn">
<var>${TEST_149_SETUP_VALUE}</var>
<arg>${TEST_149_SETUP}</arg>
<doc>Returns variable value or ``default`` if the variable does not exist.</doc>
<msg timestamp="20230201 17:32:37.417" level="INFO">${TEST_149_SETUP_VALUE} = None</msg>
<status status="PASS" starttime="20230201 17:32:37.414" endtime="20230201 17:32:37.417"/>
</kw>
<if>
<branch type="IF" condition="$TEST_SETUP_VALUE is not None">
<kw name="Run Keyword" library="BuiltIn">
<arg>${TEST_SETUP}</arg>
<doc>Executes the given keyword with the given arguments.</doc>
<kw name="Setup" library="setup_teardown">
<kw name="New Browser" library="Browser">
<arg>${setupTeardown}[browser]</arg>
<arg>headless=false</arg>
<tag>BrowserControl</tag>
<tag>Setter</tag>
<doc>Create a new playwright Browser with specified options.</doc>
<msg timestamp="20230201 17:32:37.425" level="INFO">{"browser": "firefox", "headless": false, "devtools": false, "handleSIGHUP": true, "handleSIGINT": true, "handleSIGTERM": true, "slowMo": 0.0, "timeout": 30000.0, "deprecated_pos_args": [], "tracesDir": "C:\\Users\\kklepacka\\Documents\\SquashAD\\test_steps\\browser\\traces\\7ce66597-c97e-4ed8-9f88-a4cfd62d8b19"}</msg>
<msg timestamp="20230201 17:32:38.615" level="INFO">Successfully created browser with options: {"browser":"firefox","headless":false,"devtools":false,"handleSIGHUP":true,"handleSIGINT":true,"handleSIGTERM":true,"slowMo":0,"timeout":30000,"deprecated_pos_args":[],"tracesDir":"C:\\Users\\kklepacka\\Documents\\SquashAD\\test_steps\\browser\\traces\\7ce66597-c97e-4ed8-9f88-a4cfd62d8b19"}</msg>
<status status="PASS" starttime="20230201 17:32:37.423" endtime="20230201 17:32:38.616"/>
</kw>
<kw name="New Context" library="Browser">
<arg>locale=-FR</arg>
<tag>BrowserControl</tag>
<tag>Setter</tag>
<doc>Create a new BrowserContext with specified options.</doc>
<msg timestamp="20230201 17:32:38.617" level="INFO">{
  "acceptDownloads": true,
  "bypassCSP": false,
  "forcedColors": "none",
  "hideRfBrowser": false,
  "ignoreHTTPSErrors": false,
  "javaScriptEnabled": true,
  "locale": "-FR",
  "offline": false,
  "reducedMotion": "no-preference",
  "viewport": {
    "width": 1280,
    "height": 720
  },
  "deprecated_pos_args": []
}</msg>
<msg timestamp="20230201 17:32:38.735" level="INFO">Successfully created context. </msg>
<msg timestamp="20230201 17:32:38.735" level="INFO">{'acceptDownloads': True, 'bypassCSP': False, 'forcedColors': 'none', 'hideRfBrowser': False, 'ignoreHTTPSErrors': False, 'javaScriptEnabled': True, 'locale': '-FR', 'offline': False, 'reducedMotion': 'no-preference', 'viewport': {'width': 1280, 'height': 720}, 'deprecated_pos_args': []}</msg>
<status status="PASS" starttime="20230201 17:32:38.616" endtime="20230201 17:32:38.735"/>
</kw>
<kw name="New Page" library="Browser">
<arg>url=${setupTeardown}[url]</arg>
<tag>BrowserControl</tag>
<tag>Setter</tag>
<doc>Open a new Page.</doc>
<msg timestamp="20230201 17:32:41.084" level="INFO">Successfully initialized new page object and opened url: https://sut-test-adrian.squashcloud.io/</msg>
<status status="PASS" starttime="20230201 17:32:38.736" endtime="20230201 17:32:41.085"/>
</kw>
<status status="PASS" starttime="20230201 17:32:37.422" endtime="20230201 17:32:41.086"/>
</kw>
<status status="PASS" starttime="20230201 17:32:37.418" endtime="20230201 17:32:41.086"/>
</kw>
<status status="PASS" starttime="20230201 17:32:37.417" endtime="20230201 17:32:41.086"/>
</branch>
<status status="PASS" starttime="20230201 17:32:37.417" endtime="20230201 17:32:41.086"/>
</if>
<if>
<branch type="IF" condition="$TEST_149_SETUP_VALUE is not None">
<kw name="Run Keyword" library="BuiltIn">
<arg>${TEST_149_SETUP}</arg>
<doc>Executes the given keyword with the given arguments.</doc>
<status status="NOT RUN" starttime="20230201 17:32:41.087" endtime="20230201 17:32:41.088"/>
</kw>
<status status="NOT RUN" starttime="20230201 17:32:41.086" endtime="20230201 17:32:41.088"/>
</branch>
<status status="PASS" starttime="20230201 17:32:41.086" endtime="20230201 17:32:41.088"/>
</if>
<status status="PASS" starttime="20230201 17:32:37.412" endtime="20230201 17:32:41.088"/>
</kw>
<kw name="Given je suis sur la page d'accueil" library="step_search">
<kw name="Check home page" library="home">
<kw name="Get Element" library="Browser">
<arg>${homeLocator}[title]</arg>
<tag>Getter</tag>
<tag>PageContent</tag>
<doc>Returns a reference to a Playwright [https://playwright.dev/docs/api/class-locator|Locator].</doc>
<msg timestamp="20230201 17:32:41.314" level="INFO">Locator found successfully.</msg>
<status status="PASS" starttime="20230201 17:32:41.098" endtime="20230201 17:32:41.315"/>
</kw>
<status status="PASS" starttime="20230201 17:32:41.097" endtime="20230201 17:32:41.316"/>
</kw>
<status status="PASS" starttime="20230201 17:32:41.097" endtime="20230201 17:32:41.316"/>
</kw>
<kw name="When je saisis une chaine de caractères : ` echo test `" library="step_search">
<kw name="Enter search term ` echo test `" library="home">
<kw name="Fill Text" library="Browser">
<arg>${homeLocator}[search]</arg>
<arg>` echo test `</arg>
<tag>PageContent</tag>
<tag>Setter</tag>
<doc>Clears and fills the given ``txt`` into the text field found by ``selector``.</doc>
<msg timestamp="20230201 17:32:41.320" level="INFO">Fills the text '` echo test `' in the given field.</msg>
<status status="PASS" starttime="20230201 17:32:41.319" endtime="20230201 17:32:41.521"/>
</kw>
<status status="PASS" starttime="20230201 17:32:41.318" endtime="20230201 17:32:41.523"/>
</kw>
<status status="PASS" starttime="20230201 17:32:41.318" endtime="20230201 17:32:41.524"/>
</kw>
<kw name="And je clique sur Entrer" library="step_search">
<kw name="Validate input" library="home">
<kw name="Keyboard Key" library="Browser">
<arg>press</arg>
<arg>Enter</arg>
<tag>PageContent</tag>
<tag>Setter</tag>
<doc>Press a keyboard key on the virtual keyboard or set a key up or down.</doc>
<status status="PASS" starttime="20230201 17:32:41.531" endtime="20230201 17:32:41.581"/>
</kw>
<status status="PASS" starttime="20230201 17:32:41.530" endtime="20230201 17:32:41.582"/>
</kw>
<status status="PASS" starttime="20230201 17:32:41.529" endtime="20230201 17:32:41.582"/>
</kw>
<kw name="Then des résultats de la recherche s'affichent" library="step_search">
<kw name="Check Search result page" library="search_results">
<kw name="Get Element" library="Browser">
<arg>${elements}[page_header]</arg>
<tag>Getter</tag>
<tag>PageContent</tag>
<doc>Returns a reference to a Playwright [https://playwright.dev/docs/api/class-locator|Locator].</doc>
<msg timestamp="20230201 17:32:42.003" level="INFO">Locator found successfully.</msg>
<status status="PASS" starttime="20230201 17:32:41.585" endtime="20230201 17:32:42.003"/>
</kw>
<status status="PASS" starttime="20230201 17:32:41.584" endtime="20230201 17:32:42.004"/>
</kw>
<status status="PASS" starttime="20230201 17:32:41.583" endtime="20230201 17:32:42.005"/>
</kw>
<kw name="Test Teardown" type="TEARDOWN">
<doc>test teardown
You can define the Teardown variable with a keyword for tearing down all your tests.
You can define the ${TEST_149_TEARDOWN} variable with a keyword for tearing down this specific test.
If both are defined, Teardown will be run after ${TEST_149_TEARDOWN}.</doc>
<kw name="Get Variable Value" library="BuiltIn">
<var>${TEST_149_TEARDOWN_VALUE}</var>
<arg>${TEST_149_TEARDOWN}</arg>
<doc>Returns variable value or ``default`` if the variable does not exist.</doc>
<msg timestamp="20230201 17:32:42.015" level="INFO">${TEST_149_TEARDOWN_VALUE} = None</msg>
<status status="PASS" starttime="20230201 17:32:42.012" endtime="20230201 17:32:42.015"/>
</kw>
<kw name="Get Variable Value" library="BuiltIn">
<var>${TEST_TEARDOWN_VALUE}</var>
<arg>${TEST_TEARDOWN}</arg>
<doc>Returns variable value or ``default`` if the variable does not exist.</doc>
<msg timestamp="20230201 17:32:42.016" level="INFO">${TEST_TEARDOWN_VALUE} = Teardown</msg>
<status status="PASS" starttime="20230201 17:32:42.016" endtime="20230201 17:32:42.017"/>
</kw>
<if>
<branch type="IF" condition="$TEST_149_TEARDOWN_VALUE is not None">
<kw name="Run Keyword" library="BuiltIn">
<arg>${TEST_149_TEARDOWN}</arg>
<doc>Executes the given keyword with the given arguments.</doc>
<status status="NOT RUN" starttime="20230201 17:32:42.018" endtime="20230201 17:32:42.018"/>
</kw>
<status status="NOT RUN" starttime="20230201 17:32:42.017" endtime="20230201 17:32:42.018"/>
</branch>
<status status="PASS" starttime="20230201 17:32:42.017" endtime="20230201 17:32:42.019"/>
</if>
<if>
<branch type="IF" condition="$TEST_TEARDOWN_VALUE is not None">
<kw name="Run Keyword" library="BuiltIn">
<arg>${TEST_TEARDOWN}</arg>
<doc>Executes the given keyword with the given arguments.</doc>
<kw name="Teardown" library="setup_teardown">
<kw name="Close Browser" library="Browser">
<tag>BrowserControl</tag>
<tag>Setter</tag>
<doc>Closes the current browser.</doc>
<msg timestamp="20230201 17:32:42.865" level="INFO">Closed browser</msg>
<status status="PASS" starttime="20230201 17:32:42.028" endtime="20230201 17:32:42.866"/>
</kw>
<status status="PASS" starttime="20230201 17:32:42.026" endtime="20230201 17:32:42.866"/>
</kw>
<status status="PASS" starttime="20230201 17:32:42.020" endtime="20230201 17:32:42.866"/>
</kw>
<status status="PASS" starttime="20230201 17:32:42.019" endtime="20230201 17:32:42.866"/>
</branch>
<status status="PASS" starttime="20230201 17:32:42.019" endtime="20230201 17:32:42.866"/>
</if>
<status status="PASS" starttime="20230201 17:32:42.011" endtime="20230201 17:32:42.866"/>
</kw>
<doc>Test_CS_``</doc>
<status status="PASS" starttime="20230201 17:32:37.406" endtime="20230201 17:32:42.867"/>
</test>
<doc>Test_CS_``</doc>
<meta name="Automation priority">null</meta>
<meta name="ID">149</meta>
<meta name="Reference">003</meta>
<meta name="Test case importance">Low</meta>
<status status="PASS" starttime="20230201 17:32:37.384" endtime="20230201 17:32:42.872"/>
</suite>
<suite id="s1-s1-s7" name="150 Test CS dollar test" source="c:\Users\kklepacka\Documents\SquashAD\test_steps\tests\bdd-squash\150_Test_CS_dollar_test.robot">
<test id="s1-s1-s7-t1" name="Test_CS_dollar test" line="13">
<kw name="Test Setup" type="SETUP">
<doc>test setup
You can define the Setup variable with a keyword for setting up all your tests.
You can define the ${TEST_150_SETUP} variable with a keyword for setting up this specific test.
If both are defined, ${TEST_150_SETUP} will be run after Setup.</doc>
<kw name="Get Variable Value" library="BuiltIn">
<var>${TEST_SETUP_VALUE}</var>
<arg>${TEST_SETUP}</arg>
<doc>Returns variable value or ``default`` if the variable does not exist.</doc>
<msg timestamp="20230201 17:32:42.902" level="INFO">${TEST_SETUP_VALUE} = Setup</msg>
<status status="PASS" starttime="20230201 17:32:42.902" endtime="20230201 17:32:42.904"/>
</kw>
<kw name="Get Variable Value" library="BuiltIn">
<var>${TEST_150_SETUP_VALUE}</var>
<arg>${TEST_150_SETUP}</arg>
<doc>Returns variable value or ``default`` if the variable does not exist.</doc>
<msg timestamp="20230201 17:32:42.907" level="INFO">${TEST_150_SETUP_VALUE} = None</msg>
<status status="PASS" starttime="20230201 17:32:42.904" endtime="20230201 17:32:42.908"/>
</kw>
<if>
<branch type="IF" condition="$TEST_SETUP_VALUE is not None">
<kw name="Run Keyword" library="BuiltIn">
<arg>${TEST_SETUP}</arg>
<doc>Executes the given keyword with the given arguments.</doc>
<kw name="Setup" library="setup_teardown">
<kw name="New Browser" library="Browser">
<arg>${setupTeardown}[browser]</arg>
<arg>headless=false</arg>
<tag>BrowserControl</tag>
<tag>Setter</tag>
<doc>Create a new playwright Browser with specified options.</doc>
<msg timestamp="20230201 17:32:42.914" level="INFO">{"browser": "firefox", "headless": false, "devtools": false, "handleSIGHUP": true, "handleSIGINT": true, "handleSIGTERM": true, "slowMo": 0.0, "timeout": 30000.0, "deprecated_pos_args": [], "tracesDir": "C:\\Users\\kklepacka\\Documents\\SquashAD\\test_steps\\browser\\traces\\da8ffe0e-aa42-4d3e-863b-61793a838ba1"}</msg>
<msg timestamp="20230201 17:32:44.160" level="INFO">Successfully created browser with options: {"browser":"firefox","headless":false,"devtools":false,"handleSIGHUP":true,"handleSIGINT":true,"handleSIGTERM":true,"slowMo":0,"timeout":30000,"deprecated_pos_args":[],"tracesDir":"C:\\Users\\kklepacka\\Documents\\SquashAD\\test_steps\\browser\\traces\\da8ffe0e-aa42-4d3e-863b-61793a838ba1"}</msg>
<status status="PASS" starttime="20230201 17:32:42.913" endtime="20230201 17:32:44.160"/>
</kw>
<kw name="New Context" library="Browser">
<arg>locale=-FR</arg>
<tag>BrowserControl</tag>
<tag>Setter</tag>
<doc>Create a new BrowserContext with specified options.</doc>
<msg timestamp="20230201 17:32:44.162" level="INFO">{
  "acceptDownloads": true,
  "bypassCSP": false,
  "forcedColors": "none",
  "hideRfBrowser": false,
  "ignoreHTTPSErrors": false,
  "javaScriptEnabled": true,
  "locale": "-FR",
  "offline": false,
  "reducedMotion": "no-preference",
  "viewport": {
    "width": 1280,
    "height": 720
  },
  "deprecated_pos_args": []
}</msg>
<msg timestamp="20230201 17:32:44.266" level="INFO">Successfully created context. </msg>
<msg timestamp="20230201 17:32:44.266" level="INFO">{'acceptDownloads': True, 'bypassCSP': False, 'forcedColors': 'none', 'hideRfBrowser': False, 'ignoreHTTPSErrors': False, 'javaScriptEnabled': True, 'locale': '-FR', 'offline': False, 'reducedMotion': 'no-preference', 'viewport': {'width': 1280, 'height': 720}, 'deprecated_pos_args': []}</msg>
<status status="PASS" starttime="20230201 17:32:44.161" endtime="20230201 17:32:44.266"/>
</kw>
<kw name="New Page" library="Browser">
<arg>url=${setupTeardown}[url]</arg>
<tag>BrowserControl</tag>
<tag>Setter</tag>
<doc>Open a new Page.</doc>
<msg timestamp="20230201 17:32:46.652" level="INFO">Successfully initialized new page object and opened url: https://sut-test-adrian.squashcloud.io/</msg>
<status status="PASS" starttime="20230201 17:32:44.267" endtime="20230201 17:32:46.653"/>
</kw>
<status status="PASS" starttime="20230201 17:32:42.913" endtime="20230201 17:32:46.654"/>
</kw>
<status status="PASS" starttime="20230201 17:32:42.909" endtime="20230201 17:32:46.654"/>
</kw>
<status status="PASS" starttime="20230201 17:32:42.908" endtime="20230201 17:32:46.657"/>
</branch>
<status status="PASS" starttime="20230201 17:32:42.908" endtime="20230201 17:32:46.657"/>
</if>
<if>
<branch type="IF" condition="$TEST_150_SETUP_VALUE is not None">
<kw name="Run Keyword" library="BuiltIn">
<arg>${TEST_150_SETUP}</arg>
<doc>Executes the given keyword with the given arguments.</doc>
<status status="NOT RUN" starttime="20230201 17:32:46.658" endtime="20230201 17:32:46.659"/>
</kw>
<status status="NOT RUN" starttime="20230201 17:32:46.657" endtime="20230201 17:32:46.659"/>
</branch>
<status status="PASS" starttime="20230201 17:32:46.657" endtime="20230201 17:32:46.659"/>
</if>
<status status="PASS" starttime="20230201 17:32:42.901" endtime="20230201 17:32:46.659"/>
</kw>
<kw name="Given je suis sur la page d'accueil" library="step_search">
<kw name="Check home page" library="home">
<kw name="Get Element" library="Browser">
<arg>${homeLocator}[title]</arg>
<tag>Getter</tag>
<tag>PageContent</tag>
<doc>Returns a reference to a Playwright [https://playwright.dev/docs/api/class-locator|Locator].</doc>
<msg timestamp="20230201 17:32:46.845" level="INFO">Locator found successfully.</msg>
<status status="PASS" starttime="20230201 17:32:46.665" endtime="20230201 17:32:46.847"/>
</kw>
<status status="PASS" starttime="20230201 17:32:46.664" endtime="20230201 17:32:46.847"/>
</kw>
<status status="PASS" starttime="20230201 17:32:46.663" endtime="20230201 17:32:46.847"/>
</kw>
<kw name="When je saisis une chaine de caractères : dollar test" library="step_search">
<kw name="Enter search term dollar test" library="home">
<kw name="Fill Text" library="Browser">
<arg>${homeLocator}[search]</arg>
<arg>dollar test</arg>
<tag>PageContent</tag>
<tag>Setter</tag>
<doc>Clears and fills the given ``txt`` into the text field found by ``selector``.</doc>
<msg timestamp="20230201 17:32:46.850" level="INFO">Fills the text 'dollar test' in the given field.</msg>
<status status="PASS" starttime="20230201 17:32:46.850" endtime="20230201 17:32:47.013"/>
</kw>
<status status="PASS" starttime="20230201 17:32:46.849" endtime="20230201 17:32:47.014"/>
</kw>
<status status="PASS" starttime="20230201 17:32:46.849" endtime="20230201 17:32:47.014"/>
</kw>
<kw name="And je clique sur Entrer" library="step_search">
<kw name="Validate input" library="home">
<kw name="Keyboard Key" library="Browser">
<arg>press</arg>
<arg>Enter</arg>
<tag>PageContent</tag>
<tag>Setter</tag>
<doc>Press a keyboard key on the virtual keyboard or set a key up or down.</doc>
<status status="PASS" starttime="20230201 17:32:47.016" endtime="20230201 17:32:47.112"/>
</kw>
<status status="PASS" starttime="20230201 17:32:47.016" endtime="20230201 17:32:47.113"/>
</kw>
<status status="PASS" starttime="20230201 17:32:47.015" endtime="20230201 17:32:47.113"/>
</kw>
<kw name="Then des résultats de la recherche s'affichent" library="step_search">
<kw name="Check Search result page" library="search_results">
<kw name="Get Element" library="Browser">
<arg>${elements}[page_header]</arg>
<tag>Getter</tag>
<tag>PageContent</tag>
<doc>Returns a reference to a Playwright [https://playwright.dev/docs/api/class-locator|Locator].</doc>
<msg timestamp="20230201 17:32:47.547" level="INFO">Locator found successfully.</msg>
<status status="PASS" starttime="20230201 17:32:47.116" endtime="20230201 17:32:47.547"/>
</kw>
<status status="PASS" starttime="20230201 17:32:47.115" endtime="20230201 17:32:47.548"/>
</kw>
<status status="PASS" starttime="20230201 17:32:47.114" endtime="20230201 17:32:47.548"/>
</kw>
<kw name="Test Teardown" type="TEARDOWN">
<doc>test teardown
You can define the Teardown variable with a keyword for tearing down all your tests.
You can define the ${TEST_150_TEARDOWN} variable with a keyword for tearing down this specific test.
If both are defined, Teardown will be run after ${TEST_150_TEARDOWN}.</doc>
<kw name="Get Variable Value" library="BuiltIn">
<var>${TEST_150_TEARDOWN_VALUE}</var>
<arg>${TEST_150_TEARDOWN}</arg>
<doc>Returns variable value or ``default`` if the variable does not exist.</doc>
<msg timestamp="20230201 17:32:47.556" level="INFO">${TEST_150_TEARDOWN_VALUE} = None</msg>
<status status="PASS" starttime="20230201 17:32:47.553" endtime="20230201 17:32:47.557"/>
</kw>
<kw name="Get Variable Value" library="BuiltIn">
<var>${TEST_TEARDOWN_VALUE}</var>
<arg>${TEST_TEARDOWN}</arg>
<doc>Returns variable value or ``default`` if the variable does not exist.</doc>
<msg timestamp="20230201 17:32:47.558" level="INFO">${TEST_TEARDOWN_VALUE} = Teardown</msg>
<status status="PASS" starttime="20230201 17:32:47.557" endtime="20230201 17:32:47.559"/>
</kw>
<if>
<branch type="IF" condition="$TEST_150_TEARDOWN_VALUE is not None">
<kw name="Run Keyword" library="BuiltIn">
<arg>${TEST_150_TEARDOWN}</arg>
<doc>Executes the given keyword with the given arguments.</doc>
<status status="NOT RUN" starttime="20230201 17:32:47.562" endtime="20230201 17:32:47.563"/>
</kw>
<status status="NOT RUN" starttime="20230201 17:32:47.559" endtime="20230201 17:32:47.563"/>
</branch>
<status status="PASS" starttime="20230201 17:32:47.559" endtime="20230201 17:32:47.563"/>
</if>
<if>
<branch type="IF" condition="$TEST_TEARDOWN_VALUE is not None">
<kw name="Run Keyword" library="BuiltIn">
<arg>${TEST_TEARDOWN}</arg>
<doc>Executes the given keyword with the given arguments.</doc>
<kw name="Teardown" library="setup_teardown">
<kw name="Close Browser" library="Browser">
<tag>BrowserControl</tag>
<tag>Setter</tag>
<doc>Closes the current browser.</doc>
<msg timestamp="20230201 17:32:48.607" level="INFO">Closed browser</msg>
<status status="PASS" starttime="20230201 17:32:47.572" endtime="20230201 17:32:48.608"/>
</kw>
<status status="PASS" starttime="20230201 17:32:47.570" endtime="20230201 17:32:48.609"/>
</kw>
<status status="PASS" starttime="20230201 17:32:47.564" endtime="20230201 17:32:48.609"/>
</kw>
<status status="PASS" starttime="20230201 17:32:47.564" endtime="20230201 17:32:48.609"/>
</branch>
<status status="PASS" starttime="20230201 17:32:47.564" endtime="20230201 17:32:48.610"/>
</if>
<status status="PASS" starttime="20230201 17:32:47.552" endtime="20230201 17:32:48.610"/>
</kw>
<doc>Test_CS_dollar test</doc>
<status status="PASS" starttime="20230201 17:32:42.897" endtime="20230201 17:32:48.611"/>
</test>
<doc>Test_CS_dollar test</doc>
<meta name="Automation priority">null</meta>
<meta name="ID">150</meta>
<meta name="Reference">004</meta>
<meta name="Test case importance">Low</meta>
<status status="PASS" starttime="20230201 17:32:42.877" endtime="20230201 17:32:48.615"/>
</suite>
<suite id="s1-s1-s8" name="151 Test CS" source="c:\Users\kklepacka\Documents\SquashAD\test_steps\tests\bdd-squash\151_Test_CS__.robot">
<test id="s1-s1-s8-t1" name="Test_CS_&amp;" line="13">
<kw name="Test Setup" type="SETUP">
<doc>test setup
You can define the Setup variable with a keyword for setting up all your tests.
You can define the ${TEST_151_SETUP} variable with a keyword for setting up this specific test.
If both are defined, ${TEST_151_SETUP} will be run after Setup.</doc>
<kw name="Get Variable Value" library="BuiltIn">
<var>${TEST_SETUP_VALUE}</var>
<arg>${TEST_SETUP}</arg>
<doc>Returns variable value or ``default`` if the variable does not exist.</doc>
<msg timestamp="20230201 17:32:48.650" level="INFO">${TEST_SETUP_VALUE} = Setup</msg>
<status status="PASS" starttime="20230201 17:32:48.650" endtime="20230201 17:32:48.650"/>
</kw>
<kw name="Get Variable Value" library="BuiltIn">
<var>${TEST_151_SETUP_VALUE}</var>
<arg>${TEST_151_SETUP}</arg>
<doc>Returns variable value or ``default`` if the variable does not exist.</doc>
<msg timestamp="20230201 17:32:48.655" level="INFO">${TEST_151_SETUP_VALUE} = None</msg>
<status status="PASS" starttime="20230201 17:32:48.651" endtime="20230201 17:32:48.656"/>
</kw>
<if>
<branch type="IF" condition="$TEST_SETUP_VALUE is not None">
<kw name="Run Keyword" library="BuiltIn">
<arg>${TEST_SETUP}</arg>
<doc>Executes the given keyword with the given arguments.</doc>
<kw name="Setup" library="setup_teardown">
<kw name="New Browser" library="Browser">
<arg>${setupTeardown}[browser]</arg>
<arg>headless=false</arg>
<tag>BrowserControl</tag>
<tag>Setter</tag>
<doc>Create a new playwright Browser with specified options.</doc>
<msg timestamp="20230201 17:32:48.665" level="INFO">{"browser": "firefox", "headless": false, "devtools": false, "handleSIGHUP": true, "handleSIGINT": true, "handleSIGTERM": true, "slowMo": 0.0, "timeout": 30000.0, "deprecated_pos_args": [], "tracesDir": "C:\\Users\\kklepacka\\Documents\\SquashAD\\test_steps\\browser\\traces\\c662f3a5-5bb7-4b55-abdf-6d71685d6ed7"}</msg>
<msg timestamp="20230201 17:32:49.946" level="INFO">Successfully created browser with options: {"browser":"firefox","headless":false,"devtools":false,"handleSIGHUP":true,"handleSIGINT":true,"handleSIGTERM":true,"slowMo":0,"timeout":30000,"deprecated_pos_args":[],"tracesDir":"C:\\Users\\kklepacka\\Documents\\SquashAD\\test_steps\\browser\\traces\\c662f3a5-5bb7-4b55-abdf-6d71685d6ed7"}</msg>
<status status="PASS" starttime="20230201 17:32:48.665" endtime="20230201 17:32:49.946"/>
</kw>
<kw name="New Context" library="Browser">
<arg>locale=-FR</arg>
<tag>BrowserControl</tag>
<tag>Setter</tag>
<doc>Create a new BrowserContext with specified options.</doc>
<msg timestamp="20230201 17:32:49.948" level="INFO">{
  "acceptDownloads": true,
  "bypassCSP": false,
  "forcedColors": "none",
  "hideRfBrowser": false,
  "ignoreHTTPSErrors": false,
  "javaScriptEnabled": true,
  "locale": "-FR",
  "offline": false,
  "reducedMotion": "no-preference",
  "viewport": {
    "width": 1280,
    "height": 720
  },
  "deprecated_pos_args": []
}</msg>
<msg timestamp="20230201 17:32:50.038" level="INFO">Successfully created context. </msg>
<msg timestamp="20230201 17:32:50.039" level="INFO">{'acceptDownloads': True, 'bypassCSP': False, 'forcedColors': 'none', 'hideRfBrowser': False, 'ignoreHTTPSErrors': False, 'javaScriptEnabled': True, 'locale': '-FR', 'offline': False, 'reducedMotion': 'no-preference', 'viewport': {'width': 1280, 'height': 720}, 'deprecated_pos_args': []}</msg>
<status status="PASS" starttime="20230201 17:32:49.947" endtime="20230201 17:32:50.039"/>
</kw>
<kw name="New Page" library="Browser">
<arg>url=${setupTeardown}[url]</arg>
<tag>BrowserControl</tag>
<tag>Setter</tag>
<doc>Open a new Page.</doc>
<msg timestamp="20230201 17:32:52.414" level="INFO">Successfully initialized new page object and opened url: https://sut-test-adrian.squashcloud.io/</msg>
<status status="PASS" starttime="20230201 17:32:50.039" endtime="20230201 17:32:52.415"/>
</kw>
<status status="PASS" starttime="20230201 17:32:48.664" endtime="20230201 17:32:52.415"/>
</kw>
<status status="PASS" starttime="20230201 17:32:48.658" endtime="20230201 17:32:52.415"/>
</kw>
<status status="PASS" starttime="20230201 17:32:48.656" endtime="20230201 17:32:52.417"/>
</branch>
<status status="PASS" starttime="20230201 17:32:48.656" endtime="20230201 17:32:52.417"/>
</if>
<if>
[...]
<msg timestamp="20230201 17:32:21.914" level="ERROR">Error in file 'c:\Users\kklepacka\Documents\SquashAD\test_steps\resources\step_definitions\step_search.resource' on line 88: Creating keyword 'je saisis une chaine de caractères : "test"' failed: Keyword with same name defined multiple times.</msg>
<msg timestamp="20230201 17:32:26.833" level="ERROR">Error in file 'c:\Users\kklepacka\Documents\SquashAD\test_steps\resources\page_objects\home.resource' on line 51: Creating keyword 'Enter search term ^' failed: Keyword with same name defined multiple times.</msg>
<msg timestamp="20230201 17:32:26.839" level="ERROR">Error in file 'c:\Users\kklepacka\Documents\SquashAD\test_steps\resources\step_definitions\step_search.resource' on line 88: Creating keyword 'je saisis une chaine de caractères : "test"' failed: Keyword with same name defined multiple times.</msg>
<msg timestamp="20230201 17:32:31.418" level="WARN">Multiple suites with name '' executed in suite 'Tests.Bdd-Squash'.</msg>
<msg timestamp="20230201 17:32:31.424" level="ERROR">Error in file 'c:\Users\kklepacka\Documents\SquashAD\test_steps\resources\page_objects\home.resource' on line 51: Creating keyword 'Enter search term ^' failed: Keyword with same name defined multiple times.</msg>
<msg timestamp="20230201 17:32:31.433" level="ERROR">Error in file 'c:\Users\kklepacka\Documents\SquashAD\test_steps\resources\step_definitions\step_search.resource' on line 88: Creating keyword 'je saisis une chaine de caractères : "test"' failed: Keyword with same name defined multiple times.</msg>
<msg timestamp="20230201 17:32:37.383" level="WARN">Multiple suites with name '' executed in suite 'Tests.Bdd-Squash'.</msg>
<msg timestamp="20230201 17:32:37.389" level="ERROR">Error in file 'c:\Users\kklepacka\Documents\SquashAD\test_steps\resources\page_objects\home.resource' on line 51: Creating keyword 'Enter search term ^' failed: Keyword with same name defined multiple times.</msg>
<msg timestamp="20230201 17:32:37.397" level="ERROR">Error in file 'c:\Users\kklepacka\Documents\SquashAD\test_steps\resources\step_definitions\step_search.resource' on line 88: Creating keyword 'je saisis une chaine de caractères : "test"' failed: Keyword with same name defined multiple times.</msg>
<msg timestamp="20230201 17:32:42.882" level="ERROR">Error in file 'c:\Users\kklepacka\Documents\SquashAD\test_steps\resources\page_objects\home.resource' on line 51: Creating keyword 'Enter search term ^' failed: Keyword with same name defined multiple times.</msg>
<msg timestamp="20230201 17:32:42.890" level="ERROR">Error in file 'c:\Users\kklepacka\Documents\SquashAD\test_steps\resources\step_definitions\step_search.resource' on line 88: Creating keyword 'je saisis une chaine de caractères : "test"' failed: Keyword with same name defined multiple times.</msg>
<msg timestamp="20230201 17:32:48.628" level="ERROR">Error in file 'c:\Users\kklepacka\Documents\SquashAD\test_steps\resources\page_objects\home.resource' on line 51: Creating keyword 'Enter search term ^' failed: Keyword with same name defined multiple times.</msg>
<msg timestamp="20230201 17:32:48.635" level="ERROR">Error in file 'c:\Users\kklepacka\Documents\SquashAD\test_steps\resources\step_definitions\step_search.resource' on line 88: Creating keyword 'je saisis une chaine de caractères : "test"' failed: Keyword with same name defined multiple times.</msg>
<msg timestamp="20230201 17:32:54.599" level="ERROR">Error in file 'c:\Users\kklepacka\Documents\SquashAD\test_steps\resources\page_objects\home.resource' on line 51: Creating keyword 'Enter search term ^' failed: Keyword with same name defined multiple times.</msg>
<msg timestamp="20230201 17:32:54.607" level="ERROR">Error in file 'c:\Users\kklepacka\Documents\SquashAD\test_steps\resources\step_definitions\step_search.resource' on line 88: Creating keyword 'je saisis une chaine de caractères : "test"' failed: Keyword with same name defined multiple times.</msg>
<msg timestamp="20230201 17:33:00.442" level="ERROR">Error in file 'c:\Users\kklepacka\Documents\SquashAD\test_steps\resources\page_objects\home.resource' on line 51: Creating keyword 'Enter search term ^' failed: Keyword with same name defined multiple times.</msg>
<msg timestamp="20230201 17:33:00.454" level="ERROR">Error in file 'c:\Users\kklepacka\Documents\SquashAD\test_steps\resources\step_definitions\step_search.resource' on line 88: Creating keyword 'je saisis une chaine de caractères : "test"' failed: Keyword with same name defined multiple times.</msg>
<msg timestamp="20230201 17:33:06.588" level="ERROR">Error in file 'c:\Users\kklepacka\Documents\SquashAD\test_steps\resources\page_objects\home.resource' on line 51: Creating keyword 'Enter search term ^' failed: Keyword with same name defined multiple times.</msg>
<msg timestamp="20230201 17:33:06.597" level="ERROR">Error in file 'c:\Users\kklepacka\Documents\SquashAD\test_steps\resources\step_definitions\step_search.resource' on line 88: Creating keyword 'je saisis une chaine de caractères : "test"' failed: Keyword with same name defined multiple times.</msg>
<msg timestamp="20230201 17:33:12.623" level="ERROR">Error in file 'c:\Users\kklepacka\Documents\SquashAD\test_steps\resources\page_objects\home.resource' on line 51: Creating keyword 'Enter search term ^' failed: Keyword with same name defined multiple times.</msg>
<msg timestamp="20230201 17:33:12.632" level="ERROR">Error in file 'c:\Users\kklepacka\Documents\SquashAD\test_steps\resources\step_definitions\step_search.resource' on line 88: Creating keyword 'je saisis une chaine de caractères : "test"' failed: Keyword with same name defined multiple times.</msg>
<msg timestamp="20230201 17:33:18.326" level="WARN">Multiple suites with name 'Echo Test' executed in suite 'Tests.Bdd-Squash'.</msg>
<msg timestamp="20230201 17:33:18.336" level="ERROR">Error in file 'c:\Users\kklepacka\Documents\SquashAD\test_steps\resources\page_objects\home.resource' on line 51: Creating keyword 'Enter search term ^' failed: Keyword with same name defined multiple times.</msg>
<msg timestamp="20230201 17:33:18.346" level="ERROR">Error in file 'c:\Users\kklepacka\Documents\SquashAD\test_steps\resources\step_definitions\step_search.resource' on line 88: Creating keyword 'je saisis une chaine de caractères : "test"' failed: Keyword with same name defined multiple times.</msg>
<msg timestamp="20230201 17:33:23.462" level="ERROR">Error in file 'c:\Users\kklepacka\Documents\SquashAD\test_steps\resources\page_objects\home.resource' on line 51: Creating keyword 'Enter search term ^' failed: Keyword with same name defined multiple times.</msg>
<msg timestamp="20230201 17:33:23.470" level="ERROR">Error in file 'c:\Users\kklepacka\Documents\SquashAD\test_steps\resources\step_definitions\step_search.resource' on line 88: Creating keyword 'je saisis une chaine de caractères : "test"' failed: Keyword with same name defined multiple times.</msg>
<msg timestamp="20230201 17:33:28.881" level="ERROR">Error in file 'c:\Users\kklepacka\Documents\SquashAD\test_steps\resources\page_objects\home.resource' on line 51: Creating keyword 'Enter search term ^' failed: Keyword with same name defined multiple times.</msg>
<msg timestamp="20230201 17:33:28.888" level="ERROR">Error in file 'c:\Users\kklepacka\Documents\SquashAD\test_steps\resources\step_definitions\step_search.resource' on line 88: Creating keyword 'je saisis une chaine de caractères : "test"' failed: Keyword with same name defined multiple times.</msg>
<msg timestamp="20230201 17:33:34.577" level="ERROR">Error in file 'c:\Users\kklepacka\Documents\SquashAD\test_steps\resources\page_objects\home.resource' on line 51: Creating keyword 'Enter search term ^' failed: Keyword with same name defined multiple times.</msg>
<msg timestamp="20230201 17:33:34.585" level="ERROR">Error in file 'c:\Users\kklepacka\Documents\SquashAD\test_steps\resources\step_definitions\step_search.resource' on line 88: Creating keyword 'je saisis une chaine de caractères : "test"' failed: Keyword with same name defined multiple times.</msg>
<msg timestamp="20230201 17:33:40.660" level="ERROR">Error in file 'c:\Users\kklepacka\Documents\SquashAD\test_steps\resources\page_objects\home.resource' on line 51: Creating keyword 'Enter search term ^' failed: Keyword with same name defined multiple times.</msg>
<msg timestamp="20230201 17:33:40.668" level="ERROR">Error in file 'c:\Users\kklepacka\Documents\SquashAD\test_steps\resources\step_definitions\step_search.resource' on line 88: Creating keyword 'je saisis une chaine de caractères : "test"' failed: Keyword with same name defined multiple times.</msg>
<msg timestamp="20230201 17:33:46.698" level="WARN">Multiple suites with name '' executed in suite 'Tests.Bdd-Squash'.</msg>
<msg timestamp="20230201 17:33:46.707" level="ERROR">Error in file 'c:\Users\kklepacka\Documents\SquashAD\test_steps\resources\page_objects\home.resource' on line 51: Creating keyword 'Enter search term ^' failed: Keyword with same name defined multiple times.</msg>
<msg timestamp="20230201 17:33:46.715" level="ERROR">Error in file 'c:\Users\kklepacka\Documents\SquashAD\test_steps\resources\step_definitions\step_search.resource' on line 88: Creating keyword 'je saisis une chaine de caractères : "test"' failed: Keyword with same name defined multiple times.</msg>
<msg timestamp="20230201 17:33:53.080" level="WARN">Multiple suites with name '' executed in suite 'Tests.Bdd-Squash'.</msg>
<msg timestamp="20230201 17:33:53.090" level="ERROR">Error in file 'c:\Users\kklepacka\Documents\SquashAD\test_steps\resources\page_objects\home.resource' on line 51: Creating keyword 'Enter search term ^' failed: Keyword with same name defined multiple times.</msg>
<msg timestamp="20230201 17:33:53.096" level="ERROR">Error in file 'c:\Users\kklepacka\Documents\SquashAD\test_steps\resources\step_definitions\step_search.resource' on line 88: Creating keyword 'je saisis une chaine de caractères : "test"' failed: Keyword with same name defined multiple times.</msg>
<msg timestamp="20230201 17:33:58.127" level="WARN">Multiple suites with name '' executed in suite 'Tests.Bdd-Squash'.</msg>
<msg timestamp="20230201 17:33:58.134" level="ERROR">Error in file 'c:\Users\kklepacka\Documents\SquashAD\test_steps\resources\page_objects\home.resource' on line 51: Creating keyword 'Enter search term ^' failed: Keyword with same name defined multiple times.</msg>
<msg timestamp="20230201 17:33:58.143" level="ERROR">Error in file 'c:\Users\kklepacka\Documents\SquashAD\test_steps\resources\step_definitions\step_search.resource' on line 88: Creating keyword 'je saisis une chaine de caractères : "test"' failed: Keyword with same name defined multiple times.</msg>
<msg timestamp="20230201 17:34:03.207" level="ERROR">Error in file 'c:\Users\kklepacka\Documents\SquashAD\test_steps\resources\page_objects\home.resource' on line 51: Creating keyword 'Enter search term ^' failed: Keyword with same name defined multiple times.</msg>
<msg timestamp="20230201 17:34:03.216" level="ERROR">Error in file 'c:\Users\kklepacka\Documents\SquashAD\test_steps\resources\step_definitions\step_search.resource' on line 88: Creating keyword 'je saisis une chaine de caractères : "test"' failed: Keyword with same name defined multiple times.</msg>
<msg timestamp="20230201 17:34:07.974" level="ERROR">Error in file 'c:\Users\kklepacka\Documents\SquashAD\test_steps\resources\page_objects\home.resource' on line 51: Creating keyword 'Enter search term ^' failed: Keyword with same name defined multiple times.</msg>
<msg timestamp="20230201 17:34:07.985" level="ERROR">Error in file 'c:\Users\kklepacka\Documents\SquashAD\test_steps\resources\step_definitions\step_search.resource' on line 88: Creating keyword 'je saisis une chaine de caractères : "test"' failed: Keyword with same name defined multiple times.</msg>
<msg timestamp="20230201 17:34:13.883" level="ERROR">Error in file 'c:\Users\kklepacka\Documents\SquashAD\test_steps\resources\page_objects\home.resource' on line 51: Creating keyword 'Enter search term ^' failed: Keyword with same name defined multiple times.</msg>
<msg timestamp="20230201 17:34:13.890" level="ERROR">Error in file 'c:\Users\kklepacka\Documents\SquashAD\test_steps\resources\step_definitions\step_search.resource' on line 88: Creating keyword 'je saisis une chaine de caractères : "test"' failed: Keyword with same name defined multiple times.</msg>
<msg timestamp="20230201 17:34:19.986" level="ERROR">Error in file 'c:\Users\kklepacka\Documents\SquashAD\test_steps\resources\page_objects\home.resource' on line 51: Creating keyword 'Enter search term ^' failed: Keyword with same name defined multiple times.</msg>
<msg timestamp="20230201 17:34:19.996" level="ERROR">Error in file 'c:\Users\kklepacka\Documents\SquashAD\test_steps\resources\step_definitions\step_search.resource' on line 88: Creating keyword 'je saisis une chaine de caractères : "test"' failed: Keyword with same name defined multiple times.</msg>
<msg timestamp="20230201 17:34:25.885" level="ERROR">Error in file 'c:\Users\kklepacka\Documents\SquashAD\test_steps\resources\page_objects\home.resource' on line 51: Creating keyword 'Enter search term ^' failed: Keyword with same name defined multiple times.</msg>
<msg timestamp="20230201 17:34:25.892" level="ERROR">Error in file 'c:\Users\kklepacka\Documents\SquashAD\test_steps\resources\step_definitions\step_search.resource' on line 88: Creating keyword 'je saisis une chaine de caractères : "test"' failed: Keyword with same name defined multiple times.</msg>
<msg timestamp="20230201 17:34:32.001" level="ERROR">Error in file 'c:\Users\kklepacka\Documents\SquashAD\test_steps\resources\page_objects\home.resource' on line 51: Creating keyword 'Enter search term ^' failed: Keyword with same name defined multiple times.</msg>
<msg timestamp="20230201 17:34:32.011" level="ERROR">Error in file 'c:\Users\kklepacka\Documents\SquashAD\test_steps\resources\step_definitions\step_search.resource' on line 88: Creating keyword 'je saisis une chaine de caractères : "test"' failed: Keyword with same name defined multiple times.</msg>
<msg timestamp="20230201 17:34:37.959" level="ERROR">Error in file 'c:\Users\kklepacka\Documents\SquashAD\test_steps\resources\page_objects\home.resource' on line 51: Creating keyword 'Enter search term ^' failed: Keyword with same name defined multiple times.</msg>
<msg timestamp="20230201 17:34:37.967" level="ERROR">Error in file 'c:\Users\kklepacka\Documents\SquashAD\test_steps\resources\step_definitions\step_search.resource' on line 88: Creating keyword 'je saisis une chaine de caractères : "test"' failed: Keyword with same name defined multiple times.</msg>
<msg timestamp="20230201 17:34:44.108" level="ERROR">Error in file 'c:\Users\kklepacka\Documents\SquashAD\test_steps\resources\page_objects\home.resource' on line 51: Creating keyword 'Enter search term ^' failed: Keyword with same name defined multiple times.</msg>
<msg timestamp="20230201 17:34:44.117" level="ERROR">Error in file 'c:\Users\kklepacka\Documents\SquashAD\test_steps\resources\step_definitions\step_search.resource' on line 88: Creating keyword 'je saisis une chaine de caractères : "test"' failed: Keyword with same name defined multiple times.</msg>
<msg timestamp="20230201 17:34:50.360" level="ERROR">Error in file 'c:\Users\kklepacka\Documents\SquashAD\test_steps\resources\page_objects\home.resource' on line 51: Creating keyword 'Enter search term ^' failed: Keyword with same name defined multiple times.</msg>
<msg timestamp="20230201 17:34:50.369" level="ERROR">Error in file 'c:\Users\kklepacka\Documents\SquashAD\test_steps\resources\step_definitions\step_search.resource' on line 88: Creating keyword 'je saisis une chaine de caractères : "test"' failed: Keyword with same name defined multiple times.</msg>
<msg timestamp="20230201 17:34:56.601" level="ERROR">Error in file 'c:\Users\kklepacka\Documents\SquashAD\test_steps\resources\page_objects\home.resource' on line 51: Creating keyword 'Enter search term ^' failed: Keyword with same name defined multiple times.</msg>
<msg timestamp="20230201 17:34:56.610" level="ERROR">Error in file 'c:\Users\kklepacka\Documents\SquashAD\test_steps\resources\step_definitions\step_search.resource' on line 88: Creating keyword 'je saisis une chaine de caractères : "test"' failed: Keyword with same name defined multiple times.</msg>
<msg timestamp="20230201 17:35:02.608" level="ERROR">Error in file 'c:\Users\kklepacka\Documents\SquashAD\test_steps\resources\page_objects\home.resource' on line 51: Creating keyword 'Enter search term ^' failed: Keyword with same name defined multiple times.</msg>
<msg timestamp="20230201 17:35:02.616" level="ERROR">Error in file 'c:\Users\kklepacka\Documents\SquashAD\test_steps\resources\step_definitions\step_search.resource' on line 88: Creating keyword 'je saisis une chaine de caractères : "test"' failed: Keyword with same name defined multiple times.</msg>
<msg timestamp="20230201 17:35:08.332" level="ERROR">Error in file 'c:\Users\kklepacka\Documents\SquashAD\test_steps\resources\page_objects\home.resource' on line 51: Creating keyword 'Enter search term ^' failed: Keyword with same name defined multiple times.</msg>
<msg timestamp="20230201 17:35:08.341" level="ERROR">Error in file 'c:\Users\kklepacka\Documents\SquashAD\test_steps\resources\step_definitions\step_search.resource' on line 88: Creating keyword 'je saisis une chaine de caractères : "test"' failed: Keyword with same name defined multiple times.</msg>
<msg timestamp="20230201 17:35:15.331" level="ERROR">Error in file 'c:\Users\kklepacka\Documents\SquashAD\test_steps\resources\page_objects\home.resource' on line 51: Creating keyword 'Enter search term ^' failed: Keyword with same name defined multiple times.</msg>
<msg timestamp="20230201 17:35:15.338" level="ERROR">Error in file 'c:\Users\kklepacka\Documents\SquashAD\test_steps\resources\step_definitions\step_search.resource' on line 88: Creating keyword 'je saisis une chaine de caractères : "test"' failed: Keyword with same name defined multiple times.</msg>
<msg timestamp="20230201 17:35:21.056" level="ERROR">Error in file 'c:\Users\kklepacka\Documents\SquashAD\test_steps\resources\page_objects\home.resource' on line 51: Creating keyword 'Enter search term ^' failed: Keyword with same name defined multiple times.</msg>
<msg timestamp="20230201 17:35:21.063" level="ERROR">Error in file 'c:\Users\kklepacka\Documents\SquashAD\test_steps\resources\step_definitions\step_search.resource' on line 88: Creating keyword 'je saisis une chaine de caractères : "test"' failed: Keyword with same name defined multiple times.</msg>
<msg timestamp="20230201 17:35:27.406" level="ERROR">Error in file 'c:\Users\kklepacka\Documents\SquashAD\test_steps\resources\page_objects\home.resource' on line 51: Creating keyword 'Enter search term ^' failed: Keyword with same name defined multiple times.</msg>
<msg timestamp="20230201 17:35:27.414" level="ERROR">Error in file 'c:\Users\kklepacka\Documents\SquashAD\test_steps\resources\step_definitions\step_search.resource' on line 88: Creating keyword 'je saisis une chaine de caractères : "test"' failed: Keyword with same name defined multiple times.</msg>
<msg timestamp="20230201 17:35:33.958" level="ERROR">Error in file 'c:\Users\kklepacka\Documents\SquashAD\test_steps\resources\page_objects\home.resource' on line 51: Creating keyword 'Enter search term ^' failed: Keyword with same name defined multiple times.</msg>
<msg timestamp="20230201 17:35:33.971" level="ERROR">Error in file 'c:\Users\kklepacka\Documents\SquashAD\test_steps\resources\step_definitions\step_search.resource' on line 88: Creating keyword 'je saisis une chaine de caractères : "test"' failed: Keyword with same name defined multiple times.</msg>
</errors>
</robot>
