<?xml version="1.0" encoding="UTF-8"?>
<robot generator="Robot 6.0.2 (Python 3.11.0 on win32)" generated="20230201 12:21:51.086" rpa="false" schemaversion="3">
<suite id="s1" name="Search Test" source="c:\Users\kklepacka\Documents\SquashAD\test_steps\tests\bdd-squash\Test_steps\search_test.robot">
<test id="s1-t1" name="Test &quot;Recherche&quot;" line="7">
<kw name="Test Setup" type="SETUP">
<doc>test setup</doc>
<if>
<branch type="IF" condition="$TEST_SETUP is not None">
<kw name="Run Keyword" library="BuiltIn">
<arg>${TEST_SETUP}</arg>
<doc>Executes the given keyword with the given arguments.</doc>
<kw name="Setup" library="setup_teardown">
<kw name="New Browser" library="Browser">
<arg>${setupTeardown}[browser]</arg>
<arg>headless=false</arg>
<tag>BrowserControl</tag>
<tag>Setter</tag>
<doc>Create a new playwright Browser with specified options.</doc>
<msg timestamp="20230201 12:21:55.256" level="INFO">{"browser": "firefox", "headless": false, "devtools": false, "handleSIGHUP": true, "handleSIGINT": true, "handleSIGTERM": true, "slowMo": 0.0, "timeout": 30000.0, "deprecated_pos_args": [], "tracesDir": "C:\\Users\\kklepacka\\Documents\\SquashAD\\test_steps\\browser\\traces\\3b0b4ac0-b1a2-494c-a5ed-7d257e04e266"}</msg>
<msg timestamp="20230201 12:21:57.811" level="INFO">Successfully created browser with options: {"browser":"firefox","headless":false,"devtools":false,"handleSIGHUP":true,"handleSIGINT":true,"handleSIGTERM":true,"slowMo":0,"timeout":30000,"deprecated_pos_args":[],"tracesDir":"C:\\Users\\kklepacka\\Documents\\SquashAD\\test_steps\\browser\\traces\\3b0b4ac0-b1a2-494c-a5ed-7d257e04e266"}</msg>
<status status="PASS" starttime="20230201 12:21:55.255" endtime="20230201 12:21:57.811"/>
</kw>
<kw name="New Context" library="Browser">
<arg>locale=-FR</arg>
<tag>BrowserControl</tag>
<tag>Setter</tag>
<doc>Create a new BrowserContext with specified options.</doc>
<msg timestamp="20230201 12:21:57.813" level="INFO">{
  "acceptDownloads": true,
  "bypassCSP": false,
  "forcedColors": "none",
  "hideRfBrowser": false,
  "ignoreHTTPSErrors": false,
  "javaScriptEnabled": true,
  "locale": "-FR",
  "offline": false,
  "reducedMotion": "no-preference",
  "viewport": {
    "height": 720,
    "width": 1280
  },
  "deprecated_pos_args": []
}</msg>
<msg timestamp="20230201 12:21:57.911" level="INFO">Successfully created context. </msg>
<msg timestamp="20230201 12:21:57.911" level="INFO">{'acceptDownloads': True, 'bypassCSP': False, 'forcedColors': 'none', 'hideRfBrowser': False, 'ignoreHTTPSErrors': False, 'javaScriptEnabled': True, 'locale': '-FR', 'offline': False, 'reducedMotion': 'no-preference', 'viewport': {'height': 720, 'width': 1280}, 'deprecated_pos_args': []}</msg>
<status status="PASS" starttime="20230201 12:21:57.812" endtime="20230201 12:21:57.912"/>
</kw>
<kw name="New Page" library="Browser">
<arg>url=${setupTeardown}[url]</arg>
<tag>BrowserControl</tag>
<tag>Setter</tag>
<doc>Open a new Page.</doc>
<msg timestamp="20230201 12:25:09.500" level="INFO">Successfully initialized new page object and opened url: https://sut-test-adrian.squashcloud.io/</msg>
<status status="PASS" starttime="20230201 12:21:57.912" endtime="20230201 12:25:09.544"/>
</kw>
<status status="PASS" starttime="20230201 12:21:55.255" endtime="20230201 12:25:09.559"/>
</kw>
<status status="PASS" starttime="20230201 12:21:55.250" endtime="20230201 12:25:09.559"/>
</kw>
<status status="PASS" starttime="20230201 12:21:55.247" endtime="20230201 12:25:09.561"/>
</branch>
<status status="PASS" starttime="20230201 12:21:55.247" endtime="20230201 12:25:09.562"/>
</if>
<status status="PASS" starttime="20230201 12:21:55.247" endtime="20230201 12:25:09.562"/>
</kw>
<kw name="je suis sur la page d'accueil" library="step_search">
<kw name="Check home page" library="home">
<kw name="Get Element" library="Browser">
<arg>${homeLocator}[title]</arg>
<tag>Getter</tag>
<tag>PageContent</tag>
<doc>Returns a reference to a Playwright [https://playwright.dev/docs/api/class-locator|Locator].</doc>
<msg timestamp="20230201 12:25:09.833" level="INFO">Locator found successfully.</msg>
<status status="PASS" starttime="20230201 12:25:09.601" endtime="20230201 12:25:09.840"/>
</kw>
<status status="PASS" starttime="20230201 12:25:09.595" endtime="20230201 12:25:09.840"/>
</kw>
<status status="PASS" starttime="20230201 12:25:09.578" endtime="20230201 12:25:09.841"/>
</kw>
<kw name="Check home page" library="home">
<kw name="Get Element" library="Browser">
<arg>${homeLocator}[title]</arg>
<tag>Getter</tag>
<tag>PageContent</tag>
<doc>Returns a reference to a Playwright [https://playwright.dev/docs/api/class-locator|Locator].</doc>
<msg timestamp="20230201 12:25:09.944" level="INFO">Locator found successfully.</msg>
<status status="PASS" starttime="20230201 12:25:09.844" endtime="20230201 12:25:09.945"/>
</kw>
<status status="PASS" starttime="20230201 12:25:09.843" endtime="20230201 12:25:09.945"/>
</kw>
<kw name="je saisi une chaine de caractères : &quot;test&quot;" library="step_search">
<kw name="Enter search term" library="home">
<kw name="Fill Text" library="Browser">
<arg>${homeLocator}[search]</arg>
<arg>Lola</arg>
<tag>PageContent</tag>
<tag>Setter</tag>
<doc>Clears and fills the given ``txt`` into the text field found by ``selector``.</doc>
<msg timestamp="20230201 12:25:09.956" level="INFO">Fills the text 'Lola' in the given field.</msg>
<status status="PASS" starttime="20230201 12:25:09.952" endtime="20230201 12:25:10.163"/>
</kw>
<status status="PASS" starttime="20230201 12:25:09.948" endtime="20230201 12:25:10.164"/>
</kw>
<status status="PASS" starttime="20230201 12:25:09.947" endtime="20230201 12:25:10.164"/>
</kw>
<kw name="Enter search term" library="home">
<kw name="Fill Text" library="Browser">
<arg>${homeLocator}[search]</arg>
<arg>Lola</arg>
<tag>PageContent</tag>
<tag>Setter</tag>
<doc>Clears and fills the given ``txt`` into the text field found by ``selector``.</doc>
<msg timestamp="20230201 12:25:10.167" level="INFO">Fills the text 'Lola' in the given field.</msg>
<status status="PASS" starttime="20230201 12:25:10.166" endtime="20230201 12:25:10.390"/>
</kw>
<status status="PASS" starttime="20230201 12:25:10.165" endtime="20230201 12:25:10.393"/>
</kw>
<kw name="je clique sur Entrer" library="step_search">
<kw name="Validate" library="home">
<kw name="Keyboard Key" library="Browser">
<arg>press</arg>
<arg>Enter</arg>
<tag>PageContent</tag>
<tag>Setter</tag>
<doc>Press a keyboard key on the virtual keyboard or set a key up or down.</doc>
<status status="PASS" starttime="20230201 12:25:10.400" endtime="20230201 12:25:10.494"/>
</kw>
<status status="PASS" starttime="20230201 12:25:10.396" endtime="20230201 12:25:10.494"/>
</kw>
<status status="PASS" starttime="20230201 12:25:10.395" endtime="20230201 12:25:10.498"/>
</kw>
<kw name="Validate" library="home">
<kw name="Keyboard Key" library="Browser">
<arg>press</arg>
<arg>Enter</arg>
<tag>PageContent</tag>
<tag>Setter</tag>
<doc>Press a keyboard key on the virtual keyboard or set a key up or down.</doc>
<status status="PASS" starttime="20230201 12:25:10.500" endtime="20230201 12:25:10.515"/>
</kw>
<status status="PASS" starttime="20230201 12:25:10.499" endtime="20230201 12:25:10.515"/>
</kw>
<kw name="des résultats de la recherche s'affichent" library="step_search">
<kw name="Check Search result page" library="search_results">
<kw name="Get Element" library="Browser">
<arg>${elements}[page_header]</arg>
<tag>Getter</tag>
<tag>PageContent</tag>
<doc>Returns a reference to a Playwright [https://playwright.dev/docs/api/class-locator|Locator].</doc>
<msg timestamp="20230201 12:25:10.946" level="INFO">Locator found successfully.</msg>
<status status="PASS" starttime="20230201 12:25:10.518" endtime="20230201 12:25:10.946"/>
</kw>
<status status="PASS" starttime="20230201 12:25:10.515" endtime="20230201 12:25:10.946"/>
</kw>
<status status="PASS" starttime="20230201 12:25:10.515" endtime="20230201 12:25:10.950"/>
</kw>
<kw name="Check Search result page" library="search_results">
<kw name="Get Element" library="Browser">
<arg>${elements}[page_header]</arg>
<tag>Getter</tag>
<tag>PageContent</tag>
<doc>Returns a reference to a Playwright [https://playwright.dev/docs/api/class-locator|Locator].</doc>
<msg timestamp="20230201 12:25:11.020" level="INFO">Locator found successfully.</msg>
<status status="PASS" starttime="20230201 12:25:10.955" endtime="20230201 12:25:11.030"/>
</kw>
<status status="PASS" starttime="20230201 12:25:10.952" endtime="20230201 12:25:11.030"/>
</kw>
<kw name="Test Teardown" type="TEARDOWN">
<doc>test teardown</doc>
<if>
<branch type="IF" condition="$TEST_TEARDOWN is not None">
<kw name="Run Keyword" library="BuiltIn">
<arg>${TEST_TEARDOWN}</arg>
<doc>Executes the given keyword with the given arguments.</doc>
<kw name="Teardown" library="setup_teardown">
<kw name="Close Browser" library="Browser">
<tag>BrowserControl</tag>
<tag>Setter</tag>
<doc>Closes the current browser.</doc>
<msg timestamp="20230201 12:25:11.765" level="INFO">Closed browser</msg>
<status status="PASS" starttime="20230201 12:25:11.073" endtime="20230201 12:25:11.765"/>
</kw>
<status status="PASS" starttime="20230201 12:25:11.071" endtime="20230201 12:25:11.765"/>
</kw>
<status status="PASS" starttime="20230201 12:25:11.041" endtime="20230201 12:25:11.765"/>
</kw>
<status status="PASS" starttime="20230201 12:25:11.035" endtime="20230201 12:25:11.765"/>
</branch>
<status status="PASS" starttime="20230201 12:25:11.035" endtime="20230201 12:25:11.765"/>
</if>
<status status="PASS" starttime="20230201 12:25:11.033" endtime="20230201 12:25:11.765"/>
</kw>
<status status="PASS" starttime="20230201 12:21:55.244" endtime="20230201 12:25:11.765"/>
</test>
<status status="PASS" starttime="20230201 12:21:51.103" endtime="20230201 12:25:11.797"/>
</suite>
<statistics>
<total>
<stat pass="1" fail="0" skip="0">All Tests</stat>
</total>
<tag>
</tag>
<suite>
<stat pass="1" fail="0" skip="0" id="s1" name="Search Test">Search Test</stat>
</suite>
</statistics>
<errors>
</errors>
</robot>
